2024-03-19 15:30:58,592 - GlobalLogger - INFO - Loaded matching model D:\Experiments\Steffen\Rigid_Plastic\DON-004366\20210228\models\cebra_time_iter-20000_dim-3_model-S1.pt
2024-03-19 15:30:58,614 - GlobalLogger - INFO - Loaded matching model D:\Experiments\Steffen\Rigid_Plastic\DON-004366\20210228\models\cebra_behavior_iter-20000_dim-3_model-S1.pt
2024-03-19 15:30:58,633 - GlobalLogger - INFO - Loaded matching model D:\Experiments\Steffen\Rigid_Plastic\DON-004366\20210228\models\cebra_hybrid_iter-20000_dim-3_model-S1.pt
2024-03-19 15:30:58,654 - GlobalLogger - INFO - Loaded matching model D:\Experiments\Steffen\Rigid_Plastic\DON-004366\20210228\models\cebra_time_iter-20000_dim-3_model-S2.pt
2024-03-19 15:30:58,678 - GlobalLogger - INFO - Loaded matching model D:\Experiments\Steffen\Rigid_Plastic\DON-004366\20210228\models\cebra_behavior_iter-20000_dim-3_model-S2.pt
2024-03-19 15:30:58,695 - GlobalLogger - INFO - Loaded matching model D:\Experiments\Steffen\Rigid_Plastic\DON-004366\20210228\models\cebra_hybrid_iter-20000_dim-3_model-S2.pt
2024-03-19 15:30:58,716 - GlobalLogger - INFO - Loaded matching model D:\Experiments\Steffen\Rigid_Plastic\DON-004366\20210228\models\cebra_time_iter-20000_dim-3_model-S3.pt
2024-03-19 15:30:58,738 - GlobalLogger - INFO - Loaded matching model D:\Experiments\Steffen\Rigid_Plastic\DON-004366\20210228\models\cebra_behavior_iter-20000_dim-3_model-S3.pt
2024-03-19 15:30:58,758 - GlobalLogger - INFO - Loaded matching model D:\Experiments\Steffen\Rigid_Plastic\DON-004366\20210228\models\cebra_hybrid_iter-20000_dim-3_model-S3.pt
2024-03-19 15:30:58,758 - GlobalLogger - INFO - Loading D:\Experiments\Steffen\Rigid_Plastic\DON-004366\20210228\DON-004366_20210228_S1_ca_data.npy
2024-03-19 15:30:59,207 - GlobalLogger - WARNING - Data is probably transposed. Needed Shape [Time, cells] Transposing...
2024-03-19 15:31:01,692 - GlobalLogger - INFO - Loading D:\Experiments\Steffen\Rigid_Plastic\DON-004366\20210228\DON-004366_20210228_S1_pos_track.npy
2024-03-19 15:31:02,077 - GlobalLogger - INFO - Loading D:\Experiments\Steffen\Rigid_Plastic\DON-004366\20210228\DON-004366_20210228_S1_distance_track.npy
2024-03-19 15:31:02,397 - GlobalLogger - INFO - Loading D:\Experiments\Steffen\Rigid_Plastic\DON-004366\20210228\DON-004366_20210228_S1_velocity_track.npy
2024-03-19 15:31:02,767 - GlobalLogger - INFO - Loading D:\Experiments\Steffen\Rigid_Plastic\DON-004366\20210228\DON-004366_20210228_S1_moving_track.npy
2024-03-19 15:31:03,067 - GlobalLogger - INFO - Loading D:\Experiments\Steffen\Rigid_Plastic\DON-004366\20210228\DON-004366_20210228_S1_acceleration_track.npy
2024-03-19 15:31:03,491 - GlobalLogger - INFO - Loading D:\Experiments\Steffen\Rigid_Plastic\DON-004366\20210228\DON-004366_20210228_S1_stimulus_track.npy
2024-03-19 15:31:03,827 - GlobalLogger - INFO - Loading D:\Experiments\Steffen\Rigid_Plastic\DON-004366\20210228\DON-004366_20210228_S2_ca_data.npy
2024-03-19 15:31:04,042 - GlobalLogger - WARNING - Data is probably transposed. Needed Shape [Time, cells] Transposing...
2024-03-19 15:31:06,011 - GlobalLogger - INFO - Loading D:\Experiments\Steffen\Rigid_Plastic\DON-004366\20210228\DON-004366_20210228_S2_pos_track.npy
2024-03-19 15:31:06,361 - GlobalLogger - INFO - Loading D:\Experiments\Steffen\Rigid_Plastic\DON-004366\20210228\DON-004366_20210228_S2_distance_track.npy
2024-03-19 15:31:06,688 - GlobalLogger - INFO - Loading D:\Experiments\Steffen\Rigid_Plastic\DON-004366\20210228\DON-004366_20210228_S2_velocity_track.npy
2024-03-19 15:31:07,103 - GlobalLogger - INFO - Loading D:\Experiments\Steffen\Rigid_Plastic\DON-004366\20210228\DON-004366_20210228_S2_moving_track.npy
2024-03-19 15:31:07,396 - GlobalLogger - INFO - Loading D:\Experiments\Steffen\Rigid_Plastic\DON-004366\20210228\DON-004366_20210228_S2_acceleration_track.npy
2024-03-19 15:31:07,764 - GlobalLogger - INFO - Loading D:\Experiments\Steffen\Rigid_Plastic\DON-004366\20210228\DON-004366_20210228_S2_stimulus_track.npy
2024-03-19 15:31:08,071 - GlobalLogger - INFO - Loading D:\Experiments\Steffen\Rigid_Plastic\DON-004366\20210228\DON-004366_20210228_S3_ca_data.npy
2024-03-19 15:31:08,494 - GlobalLogger - WARNING - Data is probably transposed. Needed Shape [Time, cells] Transposing...
2024-03-19 15:31:10,971 - GlobalLogger - INFO - Loading D:\Experiments\Steffen\Rigid_Plastic\DON-004366\20210228\DON-004366_20210228_S3_pos_track.npy
2024-03-19 15:31:11,314 - GlobalLogger - INFO - Loading D:\Experiments\Steffen\Rigid_Plastic\DON-004366\20210228\DON-004366_20210228_S3_distance_track.npy
2024-03-19 15:31:11,698 - GlobalLogger - INFO - Loading D:\Experiments\Steffen\Rigid_Plastic\DON-004366\20210228\DON-004366_20210228_S3_velocity_track.npy
2024-03-19 15:31:12,084 - GlobalLogger - INFO - Loading D:\Experiments\Steffen\Rigid_Plastic\DON-004366\20210228\DON-004366_20210228_S3_moving_track.npy
2024-03-19 15:31:12,396 - GlobalLogger - INFO - Loading D:\Experiments\Steffen\Rigid_Plastic\DON-004366\20210228\DON-004366_20210228_S3_acceleration_track.npy
2024-03-19 15:31:12,781 - GlobalLogger - INFO - Loading D:\Experiments\Steffen\Rigid_Plastic\DON-004366\20210228\DON-004366_20210228_S3_stimulus_track.npy
2024-03-19 15:31:13,137 - GlobalLogger - INFO - Loaded matching model D:\Experiments\Steffen\Rigid_Plastic\DON-004366\20210301\models\cebra_time_iter-20000_dim-3_model-S1.pt
2024-03-19 15:31:13,168 - GlobalLogger - INFO - Loaded matching model D:\Experiments\Steffen\Rigid_Plastic\DON-004366\20210301\models\cebra_behavior_iter-20000_dim-3_model-S1.pt
2024-03-19 15:31:13,199 - GlobalLogger - INFO - Loaded matching model D:\Experiments\Steffen\Rigid_Plastic\DON-004366\20210301\models\cebra_hybrid_iter-20000_dim-3_model-S1.pt
2024-03-19 15:31:13,236 - GlobalLogger - INFO - Loaded matching model D:\Experiments\Steffen\Rigid_Plastic\DON-004366\20210301\models\cebra_time_iter-20000_dim-3_model-S2.pt
2024-03-19 15:31:13,269 - GlobalLogger - INFO - Loaded matching model D:\Experiments\Steffen\Rigid_Plastic\DON-004366\20210301\models\cebra_behavior_iter-20000_dim-3_model-S2.pt
2024-03-19 15:31:13,298 - GlobalLogger - INFO - Loaded matching model D:\Experiments\Steffen\Rigid_Plastic\DON-004366\20210301\models\cebra_hybrid_iter-20000_dim-3_model-S2.pt
2024-03-19 15:31:13,334 - GlobalLogger - INFO - Loaded matching model D:\Experiments\Steffen\Rigid_Plastic\DON-004366\20210301\models\cebra_time_iter-20000_dim-3_model-S3.pt
2024-03-19 15:31:13,368 - GlobalLogger - INFO - Loaded matching model D:\Experiments\Steffen\Rigid_Plastic\DON-004366\20210301\models\cebra_behavior_iter-20000_dim-3_model-S3.pt
2024-03-19 15:31:13,390 - GlobalLogger - INFO - Loaded matching model D:\Experiments\Steffen\Rigid_Plastic\DON-004366\20210301\models\cebra_hybrid_iter-20000_dim-3_model-S3.pt
2024-03-19 15:31:13,390 - GlobalLogger - INFO - Loading D:\Experiments\Steffen\Rigid_Plastic\DON-004366\20210301\DON-004366_20210301_S1_ca_data.npy
2024-03-19 15:31:13,919 - GlobalLogger - WARNING - Data is probably transposed. Needed Shape [Time, cells] Transposing...
2024-03-19 15:31:16,950 - GlobalLogger - INFO - Loading D:\Experiments\Steffen\Rigid_Plastic\DON-004366\20210301\DON-004366_20210301_S1_pos_track.npy
2024-03-19 15:31:17,309 - GlobalLogger - INFO - Loading D:\Experiments\Steffen\Rigid_Plastic\DON-004366\20210301\DON-004366_20210301_S1_distance_track.npy
2024-03-19 15:31:17,645 - GlobalLogger - INFO - Loading D:\Experiments\Steffen\Rigid_Plastic\DON-004366\20210301\DON-004366_20210301_S1_velocity_track.npy
2024-03-19 15:31:18,104 - GlobalLogger - INFO - Loading D:\Experiments\Steffen\Rigid_Plastic\DON-004366\20210301\DON-004366_20210301_S1_moving_track.npy
2024-03-19 15:31:18,418 - GlobalLogger - INFO - Loading D:\Experiments\Steffen\Rigid_Plastic\DON-004366\20210301\DON-004366_20210301_S1_acceleration_track.npy
2024-03-19 15:31:18,798 - GlobalLogger - INFO - Loading D:\Experiments\Steffen\Rigid_Plastic\DON-004366\20210301\DON-004366_20210301_S1_stimulus_track.npy
2024-03-19 15:31:19,141 - GlobalLogger - INFO - Loading D:\Experiments\Steffen\Rigid_Plastic\DON-004366\20210301\DON-004366_20210301_S2_ca_data.npy
2024-03-19 15:31:19,669 - GlobalLogger - WARNING - Data is probably transposed. Needed Shape [Time, cells] Transposing...
2024-03-19 15:31:23,075 - GlobalLogger - INFO - Loading D:\Experiments\Steffen\Rigid_Plastic\DON-004366\20210301\DON-004366_20210301_S2_pos_track.npy
2024-03-19 15:31:23,427 - GlobalLogger - INFO - Loading D:\Experiments\Steffen\Rigid_Plastic\DON-004366\20210301\DON-004366_20210301_S2_distance_track.npy
2024-03-19 15:31:23,762 - GlobalLogger - INFO - Loading D:\Experiments\Steffen\Rigid_Plastic\DON-004366\20210301\DON-004366_20210301_S2_velocity_track.npy
2024-03-19 15:31:24,147 - GlobalLogger - INFO - Loading D:\Experiments\Steffen\Rigid_Plastic\DON-004366\20210301\DON-004366_20210301_S2_moving_track.npy
2024-03-19 15:31:24,462 - GlobalLogger - INFO - Loading D:\Experiments\Steffen\Rigid_Plastic\DON-004366\20210301\DON-004366_20210301_S2_acceleration_track.npy
2024-03-19 15:31:24,943 - GlobalLogger - INFO - Loading D:\Experiments\Steffen\Rigid_Plastic\DON-004366\20210301\DON-004366_20210301_S2_stimulus_track.npy
2024-03-19 15:31:25,294 - GlobalLogger - INFO - Loading D:\Experiments\Steffen\Rigid_Plastic\DON-004366\20210301\DON-004366_20210301_S3_ca_data.npy
2024-03-19 15:31:25,557 - GlobalLogger - WARNING - Data is probably transposed. Needed Shape [Time, cells] Transposing...
2024-03-19 15:31:27,709 - GlobalLogger - INFO - Loading D:\Experiments\Steffen\Rigid_Plastic\DON-004366\20210301\DON-004366_20210301_S3_pos_track.npy
2024-03-19 15:31:28,047 - GlobalLogger - INFO - Loading D:\Experiments\Steffen\Rigid_Plastic\DON-004366\20210301\DON-004366_20210301_S3_distance_track.npy
2024-03-19 15:31:28,377 - GlobalLogger - INFO - Loading D:\Experiments\Steffen\Rigid_Plastic\DON-004366\20210301\DON-004366_20210301_S3_velocity_track.npy
2024-03-19 15:31:28,733 - GlobalLogger - INFO - Loading D:\Experiments\Steffen\Rigid_Plastic\DON-004366\20210301\DON-004366_20210301_S3_moving_track.npy
2024-03-19 15:31:29,023 - GlobalLogger - INFO - Loading D:\Experiments\Steffen\Rigid_Plastic\DON-004366\20210301\DON-004366_20210301_S3_acceleration_track.npy
2024-03-19 15:31:29,382 - GlobalLogger - INFO - Loading D:\Experiments\Steffen\Rigid_Plastic\DON-004366\20210301\DON-004366_20210301_S3_stimulus_track.npy
2024-03-19 15:31:29,715 - GlobalLogger - INFO - Loaded matching model D:\Experiments\Steffen\Rigid_Plastic\DON-004366\20210303\models\cebra_time_iter-20000_dim-3_model-S1.pt
2024-03-19 15:31:29,743 - GlobalLogger - INFO - Loaded matching model D:\Experiments\Steffen\Rigid_Plastic\DON-004366\20210303\models\cebra_behavior_iter-20000_dim-3_model-S1.pt
2024-03-19 15:31:29,777 - GlobalLogger - INFO - Loaded matching model D:\Experiments\Steffen\Rigid_Plastic\DON-004366\20210303\models\cebra_hybrid_iter-20000_dim-3_model-S1.pt
2024-03-19 15:31:29,815 - GlobalLogger - INFO - Loaded matching model D:\Experiments\Steffen\Rigid_Plastic\DON-004366\20210303\models\cebra_time_iter-20000_dim-3_model-S2.pt
2024-03-19 15:31:29,847 - GlobalLogger - INFO - Loaded matching model D:\Experiments\Steffen\Rigid_Plastic\DON-004366\20210303\models\cebra_behavior_iter-20000_dim-3_model-S2.pt
2024-03-19 15:31:29,878 - GlobalLogger - INFO - Loaded matching model D:\Experiments\Steffen\Rigid_Plastic\DON-004366\20210303\models\cebra_hybrid_iter-20000_dim-3_model-S2.pt
2024-03-19 15:31:29,900 - GlobalLogger - INFO - Loaded matching model D:\Experiments\Steffen\Rigid_Plastic\DON-004366\20210303\models\cebra_time_iter-20000_dim-3_model-S3.pt
2024-03-19 15:31:29,932 - GlobalLogger - INFO - Loaded matching model D:\Experiments\Steffen\Rigid_Plastic\DON-004366\20210303\models\cebra_behavior_iter-20000_dim-3_model-S3.pt
2024-03-19 15:31:29,947 - GlobalLogger - INFO - Loaded matching model D:\Experiments\Steffen\Rigid_Plastic\DON-004366\20210303\models\cebra_hybrid_iter-20000_dim-3_model-S3.pt
2024-03-19 15:31:29,947 - GlobalLogger - INFO - Loading D:\Experiments\Steffen\Rigid_Plastic\DON-004366\20210303\DON-004366_20210303_S1_ca_data.npy
2024-03-19 15:31:30,370 - GlobalLogger - WARNING - Data is probably transposed. Needed Shape [Time, cells] Transposing...
2024-03-19 15:31:32,825 - GlobalLogger - INFO - Loading D:\Experiments\Steffen\Rigid_Plastic\DON-004366\20210303\DON-004366_20210303_S1_pos_track.npy
2024-03-19 15:31:33,162 - GlobalLogger - INFO - Loading D:\Experiments\Steffen\Rigid_Plastic\DON-004366\20210303\DON-004366_20210303_S1_distance_track.npy
2024-03-19 15:31:33,486 - GlobalLogger - INFO - Loading D:\Experiments\Steffen\Rigid_Plastic\DON-004366\20210303\DON-004366_20210303_S1_velocity_track.npy
2024-03-19 15:31:33,953 - GlobalLogger - INFO - Loading D:\Experiments\Steffen\Rigid_Plastic\DON-004366\20210303\DON-004366_20210303_S1_moving_track.npy
2024-03-19 15:31:34,255 - GlobalLogger - INFO - Loading D:\Experiments\Steffen\Rigid_Plastic\DON-004366\20210303\DON-004366_20210303_S1_acceleration_track.npy
2024-03-19 15:31:34,622 - GlobalLogger - INFO - Loading D:\Experiments\Steffen\Rigid_Plastic\DON-004366\20210303\DON-004366_20210303_S1_stimulus_track.npy
2024-03-19 15:31:34,956 - GlobalLogger - INFO - Loading D:\Experiments\Steffen\Rigid_Plastic\DON-004366\20210303\DON-004366_20210303_S2_ca_data.npy
2024-03-19 15:31:35,171 - GlobalLogger - WARNING - Data is probably transposed. Needed Shape [Time, cells] Transposing...
2024-03-19 15:31:37,115 - GlobalLogger - INFO - Loading D:\Experiments\Steffen\Rigid_Plastic\DON-004366\20210303\DON-004366_20210303_S2_pos_track.npy
2024-03-19 15:31:37,454 - GlobalLogger - INFO - Loading D:\Experiments\Steffen\Rigid_Plastic\DON-004366\20210303\DON-004366_20210303_S2_distance_track.npy
2024-03-19 15:31:37,768 - GlobalLogger - INFO - Loading D:\Experiments\Steffen\Rigid_Plastic\DON-004366\20210303\DON-004366_20210303_S2_velocity_track.npy
2024-03-19 15:31:38,120 - GlobalLogger - INFO - Loading D:\Experiments\Steffen\Rigid_Plastic\DON-004366\20210303\DON-004366_20210303_S2_moving_track.npy
2024-03-19 15:31:38,417 - GlobalLogger - INFO - Loading D:\Experiments\Steffen\Rigid_Plastic\DON-004366\20210303\DON-004366_20210303_S2_acceleration_track.npy
2024-03-19 15:31:38,785 - GlobalLogger - INFO - Loading D:\Experiments\Steffen\Rigid_Plastic\DON-004366\20210303\DON-004366_20210303_S2_stimulus_track.npy
2024-03-19 15:31:39,084 - GlobalLogger - INFO - Loading D:\Experiments\Steffen\Rigid_Plastic\DON-004366\20210303\DON-004366_20210303_S3_ca_data.npy
2024-03-19 15:31:39,499 - GlobalLogger - WARNING - Data is probably transposed. Needed Shape [Time, cells] Transposing...
2024-03-19 15:31:41,902 - GlobalLogger - INFO - Loading D:\Experiments\Steffen\Rigid_Plastic\DON-004366\20210303\DON-004366_20210303_S3_pos_track.npy
2024-03-19 15:31:42,238 - GlobalLogger - INFO - Loading D:\Experiments\Steffen\Rigid_Plastic\DON-004366\20210303\DON-004366_20210303_S3_distance_track.npy
2024-03-19 15:31:42,555 - GlobalLogger - INFO - Loading D:\Experiments\Steffen\Rigid_Plastic\DON-004366\20210303\DON-004366_20210303_S3_velocity_track.npy
2024-03-19 15:31:43,564 - GlobalLogger - INFO - Loading D:\Experiments\Steffen\Rigid_Plastic\DON-004366\20210303\DON-004366_20210303_S3_moving_track.npy
2024-03-19 15:31:43,867 - GlobalLogger - INFO - Loading D:\Experiments\Steffen\Rigid_Plastic\DON-004366\20210303\DON-004366_20210303_S3_acceleration_track.npy
2024-03-19 15:31:44,223 - GlobalLogger - INFO - Loading D:\Experiments\Steffen\Rigid_Plastic\DON-004366\20210303\DON-004366_20210303_S3_stimulus_track.npy
2024-03-19 15:31:58,103 - GlobalLogger - INFO - Loaded matching model D:\Experiments\Steffen\Rigid_Plastic\DON-004366\20210228\models\cebra_time_moving_iter-5000_dim-3_model-S1.pt
2024-03-19 15:31:58,140 - GlobalLogger - INFO - DON-004366_20210228_S1: Training  time_moving model.
2024-03-19 15:32:54,811 - GlobalLogger - INFO - DON-004366_20210228_S1: time_moving model already trained. Skipping.
2024-03-19 15:32:54,825 - GlobalLogger - INFO - Loaded matching model D:\Experiments\Steffen\Rigid_Plastic\DON-004366\20210228\models\cebra_behavior_moving_iter-5000_dim-3_model-S1.pt
2024-03-19 15:32:54,825 - GlobalLogger - INFO - DON-004366_20210228_S1: behavior_moving model already trained. Skipping.
2024-03-19 15:32:54,841 - GlobalLogger - INFO - Loaded matching model D:\Experiments\Steffen\Rigid_Plastic\DON-004366\20210228\models\cebra_hybrid_moving_iter-5000_dim-3_model-S1.pt
2024-03-19 15:32:54,841 - GlobalLogger - INFO - DON-004366_20210228_S1: hybrid_moving model already trained. Skipping.
2024-03-19 15:32:54,866 - GlobalLogger - INFO - Loaded matching model D:\Experiments\Steffen\Rigid_Plastic\DON-004366\20210228\models\cebra_behavior_shuffled_moving_iter-5000_dim-3_model-S1.pt
2024-03-19 15:32:54,867 - GlobalLogger - INFO - DON-004366_20210228_S1: behavior_shuffled_moving model already trained. Skipping.
2024-03-19 15:32:54,889 - GlobalLogger - INFO - Loaded matching model D:\Experiments\Steffen\Rigid_Plastic\DON-004366\20210228\models\cebra_time_stationary_iter-5000_dim-3_model-S1.pt
2024-03-19 15:32:54,889 - GlobalLogger - INFO - DON-004366_20210228_S1: time_stationary model already trained. Skipping.
2024-03-19 15:32:54,906 - GlobalLogger - INFO - Loaded matching model D:\Experiments\Steffen\Rigid_Plastic\DON-004366\20210228\models\cebra_behavior_stationary_iter-5000_dim-3_model-S1.pt
2024-03-19 15:32:54,906 - GlobalLogger - INFO - DON-004366_20210228_S1: behavior_stationary model already trained. Skipping.
2024-03-19 15:32:54,924 - GlobalLogger - INFO - Loaded matching model D:\Experiments\Steffen\Rigid_Plastic\DON-004366\20210228\models\cebra_hybrid_stationary_iter-5000_dim-3_model-S1.pt
2024-03-19 15:32:54,924 - GlobalLogger - INFO - DON-004366_20210228_S1: hybrid_stationary model already trained. Skipping.
2024-03-19 15:32:54,943 - GlobalLogger - INFO - Loaded matching model D:\Experiments\Steffen\Rigid_Plastic\DON-004366\20210228\models\cebra_behavior_shuffled_stationary_iter-5000_dim-3_model-S1.pt
2024-03-19 15:32:54,943 - GlobalLogger - INFO - DON-004366_20210228_S1: behavior_shuffled_stationary model already trained. Skipping.
2024-03-19 15:32:54,958 - GlobalLogger - INFO - Loaded matching model D:\Experiments\Steffen\Rigid_Plastic\DON-004366\20210228\models\cebra_time_iter-5000_dim-3_model-S1.pt
2024-03-19 15:32:54,958 - GlobalLogger - INFO - DON-004366_20210228_S1: time model already trained. Skipping.
2024-03-19 15:32:54,975 - GlobalLogger - INFO - Loaded matching model D:\Experiments\Steffen\Rigid_Plastic\DON-004366\20210228\models\cebra_behavior_iter-5000_dim-3_model-S1.pt
2024-03-19 15:32:54,975 - GlobalLogger - INFO - DON-004366_20210228_S1: behavior model already trained. Skipping.
2024-03-19 15:32:54,990 - GlobalLogger - INFO - Loaded matching model D:\Experiments\Steffen\Rigid_Plastic\DON-004366\20210228\models\cebra_hybrid_iter-5000_dim-3_model-S1.pt
2024-03-19 15:32:54,990 - GlobalLogger - INFO - DON-004366_20210228_S1: hybrid model already trained. Skipping.
2024-03-19 15:32:55,010 - GlobalLogger - INFO - Loaded matching model D:\Experiments\Steffen\Rigid_Plastic\DON-004366\20210228\models\cebra_behavior_shuffled_iter-5000_dim-3_model-S1.pt
2024-03-19 15:32:55,011 - GlobalLogger - INFO - DON-004366_20210228_S1: behavior_shuffled model already trained. Skipping.
2024-03-19 15:32:55,861 - GlobalLogger - ERROR - No embedding labels given.
2024-03-19 15:32:55,862 - GlobalLogger - WARNING - Using behavior_data_types: ['position']
2024-03-19 15:33:03,500 - GlobalLogger - INFO - Loaded matching model D:\Experiments\Steffen\Rigid_Plastic\DON-004366\20210228\models\cebra_time_moving_iter-5000_dim-3_model-S2.pt
2024-03-19 15:33:03,500 - GlobalLogger - INFO - DON-004366_20210228_S2: time_moving model already trained. Skipping.
2024-03-19 15:33:03,531 - GlobalLogger - INFO - Loaded matching model D:\Experiments\Steffen\Rigid_Plastic\DON-004366\20210228\models\cebra_behavior_moving_iter-5000_dim-3_model-S2.pt
2024-03-19 15:33:03,532 - GlobalLogger - INFO - DON-004366_20210228_S2: behavior_moving model already trained. Skipping.
2024-03-19 15:33:03,567 - GlobalLogger - INFO - Loaded matching model D:\Experiments\Steffen\Rigid_Plastic\DON-004366\20210228\models\cebra_hybrid_moving_iter-5000_dim-3_model-S2.pt
2024-03-19 15:33:03,567 - GlobalLogger - INFO - DON-004366_20210228_S2: hybrid_moving model already trained. Skipping.
2024-03-19 15:33:03,590 - GlobalLogger - INFO - Loaded matching model D:\Experiments\Steffen\Rigid_Plastic\DON-004366\20210228\models\cebra_behavior_shuffled_moving_iter-5000_dim-3_model-S2.pt
2024-03-19 15:33:03,590 - GlobalLogger - INFO - DON-004366_20210228_S2: behavior_shuffled_moving model already trained. Skipping.
2024-03-19 15:33:03,617 - GlobalLogger - INFO - Loaded matching model D:\Experiments\Steffen\Rigid_Plastic\DON-004366\20210228\models\cebra_time_stationary_iter-5000_dim-3_model-S2.pt
2024-03-19 15:33:03,617 - GlobalLogger - INFO - DON-004366_20210228_S2: time_stationary model already trained. Skipping.
2024-03-19 15:33:03,636 - GlobalLogger - INFO - Loaded matching model D:\Experiments\Steffen\Rigid_Plastic\DON-004366\20210228\models\cebra_behavior_stationary_iter-5000_dim-3_model-S2.pt
2024-03-19 15:33:03,636 - GlobalLogger - INFO - DON-004366_20210228_S2: behavior_stationary model already trained. Skipping.
2024-03-19 15:33:03,653 - GlobalLogger - INFO - Loaded matching model D:\Experiments\Steffen\Rigid_Plastic\DON-004366\20210228\models\cebra_hybrid_stationary_iter-5000_dim-3_model-S2.pt
2024-03-19 15:33:03,653 - GlobalLogger - INFO - DON-004366_20210228_S2: hybrid_stationary model already trained. Skipping.
2024-03-19 15:33:03,673 - GlobalLogger - INFO - Loaded matching model D:\Experiments\Steffen\Rigid_Plastic\DON-004366\20210228\models\cebra_behavior_shuffled_stationary_iter-5000_dim-3_model-S2.pt
2024-03-19 15:33:03,673 - GlobalLogger - INFO - DON-004366_20210228_S2: behavior_shuffled_stationary model already trained. Skipping.
2024-03-19 15:33:03,691 - GlobalLogger - INFO - Loaded matching model D:\Experiments\Steffen\Rigid_Plastic\DON-004366\20210228\models\cebra_time_iter-5000_dim-3_model-S2.pt
2024-03-19 15:33:03,691 - GlobalLogger - INFO - DON-004366_20210228_S2: time model already trained. Skipping.
2024-03-19 15:33:03,718 - GlobalLogger - INFO - Loaded matching model D:\Experiments\Steffen\Rigid_Plastic\DON-004366\20210228\models\cebra_behavior_iter-5000_dim-3_model-S2.pt
2024-03-19 15:33:03,718 - GlobalLogger - INFO - DON-004366_20210228_S2: behavior model already trained. Skipping.
2024-03-19 15:33:03,739 - GlobalLogger - INFO - Loaded matching model D:\Experiments\Steffen\Rigid_Plastic\DON-004366\20210228\models\cebra_hybrid_iter-5000_dim-3_model-S2.pt
2024-03-19 15:33:03,739 - GlobalLogger - INFO - DON-004366_20210228_S2: hybrid model already trained. Skipping.
2024-03-19 15:33:03,762 - GlobalLogger - INFO - Loaded matching model D:\Experiments\Steffen\Rigid_Plastic\DON-004366\20210228\models\cebra_behavior_shuffled_iter-5000_dim-3_model-S2.pt
2024-03-19 15:33:03,762 - GlobalLogger - INFO - DON-004366_20210228_S2: behavior_shuffled model already trained. Skipping.
2024-03-19 15:33:04,280 - GlobalLogger - ERROR - No embedding labels given.
2024-03-19 15:33:04,281 - GlobalLogger - WARNING - Using behavior_data_types: ['position']
2024-03-19 15:33:08,876 - GlobalLogger - INFO - Loaded matching model D:\Experiments\Steffen\Rigid_Plastic\DON-004366\20210228\models\cebra_time_moving_iter-5000_dim-3_model-S3.pt
2024-03-19 15:33:08,876 - GlobalLogger - INFO - DON-004366_20210228_S3: time_moving model already trained. Skipping.
2024-03-19 15:33:08,891 - GlobalLogger - INFO - Loaded matching model D:\Experiments\Steffen\Rigid_Plastic\DON-004366\20210228\models\cebra_behavior_moving_iter-5000_dim-3_model-S3.pt
2024-03-19 15:33:08,891 - GlobalLogger - INFO - DON-004366_20210228_S3: behavior_moving model already trained. Skipping.
2024-03-19 15:33:08,907 - GlobalLogger - INFO - Loaded matching model D:\Experiments\Steffen\Rigid_Plastic\DON-004366\20210228\models\cebra_hybrid_moving_iter-5000_dim-3_model-S3.pt
2024-03-19 15:33:08,907 - GlobalLogger - INFO - DON-004366_20210228_S3: hybrid_moving model already trained. Skipping.
2024-03-19 15:33:08,926 - GlobalLogger - INFO - Loaded matching model D:\Experiments\Steffen\Rigid_Plastic\DON-004366\20210228\models\cebra_behavior_shuffled_moving_iter-5000_dim-3_model-S3.pt
2024-03-19 15:33:08,926 - GlobalLogger - INFO - DON-004366_20210228_S3: behavior_shuffled_moving model already trained. Skipping.
2024-03-19 15:33:08,943 - GlobalLogger - INFO - Loaded matching model D:\Experiments\Steffen\Rigid_Plastic\DON-004366\20210228\models\cebra_time_stationary_iter-5000_dim-3_model-S3.pt
2024-03-19 15:33:08,943 - GlobalLogger - INFO - DON-004366_20210228_S3: time_stationary model already trained. Skipping.
2024-03-19 15:33:08,960 - GlobalLogger - INFO - Loaded matching model D:\Experiments\Steffen\Rigid_Plastic\DON-004366\20210228\models\cebra_behavior_stationary_iter-5000_dim-3_model-S3.pt
2024-03-19 15:33:08,960 - GlobalLogger - INFO - DON-004366_20210228_S3: behavior_stationary model already trained. Skipping.
2024-03-19 15:33:08,972 - GlobalLogger - INFO - Loaded matching model D:\Experiments\Steffen\Rigid_Plastic\DON-004366\20210228\models\cebra_hybrid_stationary_iter-5000_dim-3_model-S3.pt
2024-03-19 15:33:08,972 - GlobalLogger - INFO - DON-004366_20210228_S3: hybrid_stationary model already trained. Skipping.
2024-03-19 15:33:08,988 - GlobalLogger - INFO - Loaded matching model D:\Experiments\Steffen\Rigid_Plastic\DON-004366\20210228\models\cebra_behavior_shuffled_stationary_iter-5000_dim-3_model-S3.pt
2024-03-19 15:33:08,988 - GlobalLogger - INFO - DON-004366_20210228_S3: behavior_shuffled_stationary model already trained. Skipping.
2024-03-19 15:33:09,005 - GlobalLogger - INFO - Loaded matching model D:\Experiments\Steffen\Rigid_Plastic\DON-004366\20210228\models\cebra_time_iter-5000_dim-3_model-S3.pt
2024-03-19 15:33:09,006 - GlobalLogger - INFO - DON-004366_20210228_S3: time model already trained. Skipping.
2024-03-19 15:33:09,024 - GlobalLogger - INFO - Loaded matching model D:\Experiments\Steffen\Rigid_Plastic\DON-004366\20210228\models\cebra_behavior_iter-5000_dim-3_model-S3.pt
2024-03-19 15:33:09,024 - GlobalLogger - INFO - DON-004366_20210228_S3: behavior model already trained. Skipping.
2024-03-19 15:33:09,042 - GlobalLogger - INFO - Loaded matching model D:\Experiments\Steffen\Rigid_Plastic\DON-004366\20210228\models\cebra_hybrid_iter-5000_dim-3_model-S3.pt
2024-03-19 15:33:09,042 - GlobalLogger - INFO - DON-004366_20210228_S3: hybrid model already trained. Skipping.
2024-03-19 15:33:09,059 - GlobalLogger - INFO - Loaded matching model D:\Experiments\Steffen\Rigid_Plastic\DON-004366\20210228\models\cebra_behavior_shuffled_iter-5000_dim-3_model-S3.pt
2024-03-19 15:33:09,059 - GlobalLogger - INFO - DON-004366_20210228_S3: behavior_shuffled model already trained. Skipping.
2024-03-19 15:33:09,935 - GlobalLogger - ERROR - No embedding labels given.
2024-03-19 15:33:09,935 - GlobalLogger - WARNING - Using behavior_data_types: ['position']
2024-03-19 15:33:16,981 - GlobalLogger - INFO - Loaded matching model D:\Experiments\Steffen\Rigid_Plastic\DON-004366\20210301\models\cebra_time_moving_iter-5000_dim-3_model-S1.pt
2024-03-19 15:33:16,981 - GlobalLogger - INFO - DON-004366_20210301_S1: time_moving model already trained. Skipping.
2024-03-19 15:33:17,012 - GlobalLogger - INFO - Loaded matching model D:\Experiments\Steffen\Rigid_Plastic\DON-004366\20210301\models\cebra_behavior_moving_iter-5000_dim-3_model-S1.pt
2024-03-19 15:33:17,012 - GlobalLogger - INFO - DON-004366_20210301_S1: behavior_moving model already trained. Skipping.
2024-03-19 15:33:17,031 - GlobalLogger - INFO - Loaded matching model D:\Experiments\Steffen\Rigid_Plastic\DON-004366\20210301\models\cebra_hybrid_moving_iter-5000_dim-3_model-S1.pt
2024-03-19 15:33:17,031 - GlobalLogger - INFO - DON-004366_20210301_S1: hybrid_moving model already trained. Skipping.
2024-03-19 15:33:17,050 - GlobalLogger - INFO - Loaded matching model D:\Experiments\Steffen\Rigid_Plastic\DON-004366\20210301\models\cebra_behavior_shuffled_moving_iter-5000_dim-3_model-S1.pt
2024-03-19 15:33:17,050 - GlobalLogger - INFO - DON-004366_20210301_S1: behavior_shuffled_moving model already trained. Skipping.
2024-03-19 15:33:17,056 - GlobalLogger - ERROR - No neural data to use. Skipping DON-004366_20210301_S1
2024-03-19 15:33:17,064 - GlobalLogger - ERROR - No neural data to use. Skipping DON-004366_20210301_S1
2024-03-19 15:33:17,072 - GlobalLogger - ERROR - No neural data to use. Skipping DON-004366_20210301_S1
2024-03-19 15:33:17,080 - GlobalLogger - ERROR - No neural data to use. Skipping DON-004366_20210301_S1
2024-03-19 15:33:17,111 - GlobalLogger - INFO - Loaded matching model D:\Experiments\Steffen\Rigid_Plastic\DON-004366\20210301\models\cebra_time_iter-5000_dim-3_model-S1.pt
2024-03-19 15:33:17,111 - GlobalLogger - INFO - DON-004366_20210301_S1: time model already trained. Skipping.
2024-03-19 15:33:17,133 - GlobalLogger - INFO - Loaded matching model D:\Experiments\Steffen\Rigid_Plastic\DON-004366\20210301\models\cebra_behavior_iter-5000_dim-3_model-S1.pt
2024-03-19 15:33:17,133 - GlobalLogger - INFO - DON-004366_20210301_S1: behavior model already trained. Skipping.
2024-03-19 15:33:17,153 - GlobalLogger - INFO - Loaded matching model D:\Experiments\Steffen\Rigid_Plastic\DON-004366\20210301\models\cebra_hybrid_iter-5000_dim-3_model-S1.pt
2024-03-19 15:33:17,153 - GlobalLogger - INFO - DON-004366_20210301_S1: hybrid model already trained. Skipping.
2024-03-19 15:33:17,179 - GlobalLogger - INFO - Loaded matching model D:\Experiments\Steffen\Rigid_Plastic\DON-004366\20210301\models\cebra_behavior_shuffled_iter-5000_dim-3_model-S1.pt
2024-03-19 15:33:17,179 - GlobalLogger - INFO - DON-004366_20210301_S1: behavior_shuffled model already trained. Skipping.
2024-03-19 15:33:17,921 - GlobalLogger - ERROR - time_stationary model. Not fitted.
2024-03-19 15:33:17,921 - GlobalLogger - WARNING - Skipping time_stationary model. May because of no statioary frames
2024-03-19 15:33:17,921 - GlobalLogger - ERROR - behavior_stationary model. Not fitted.
2024-03-19 15:33:17,922 - GlobalLogger - WARNING - Skipping behavior_stationary model. May because of no statioary frames
2024-03-19 15:33:17,922 - GlobalLogger - ERROR - hybrid_stationary model. Not fitted.
2024-03-19 15:33:17,922 - GlobalLogger - WARNING - Skipping hybrid_stationary model. May because of no statioary frames
2024-03-19 15:33:17,922 - GlobalLogger - ERROR - No embedding labels given.
2024-03-19 15:33:17,923 - GlobalLogger - WARNING - Using behavior_data_types: ['position']
2024-03-19 15:33:22,399 - GlobalLogger - ERROR - time_stationary Not fitted.
2024-03-19 15:33:22,399 - GlobalLogger - WARNING - Skipping model time_stationary.
2024-03-19 15:33:22,400 - GlobalLogger - ERROR - stationary Not fitted.
2024-03-19 15:33:22,400 - GlobalLogger - WARNING - Skipping model stationary.
2024-03-19 15:33:22,837 - GlobalLogger - INFO - Loaded matching model D:\Experiments\Steffen\Rigid_Plastic\DON-004366\20210301\models\cebra_time_moving_iter-5000_dim-3_model-S2.pt
2024-03-19 15:33:22,837 - GlobalLogger - INFO - DON-004366_20210301_S2: time_moving model already trained. Skipping.
2024-03-19 15:33:22,853 - GlobalLogger - INFO - Loaded matching model D:\Experiments\Steffen\Rigid_Plastic\DON-004366\20210301\models\cebra_behavior_moving_iter-5000_dim-3_model-S2.pt
2024-03-19 15:33:22,853 - GlobalLogger - INFO - DON-004366_20210301_S2: behavior_moving model already trained. Skipping.
2024-03-19 15:33:22,871 - GlobalLogger - INFO - Loaded matching model D:\Experiments\Steffen\Rigid_Plastic\DON-004366\20210301\models\cebra_hybrid_moving_iter-5000_dim-3_model-S2.pt
2024-03-19 15:33:22,871 - GlobalLogger - INFO - DON-004366_20210301_S2: hybrid_moving model already trained. Skipping.
2024-03-19 15:33:22,888 - GlobalLogger - INFO - Loaded matching model D:\Experiments\Steffen\Rigid_Plastic\DON-004366\20210301\models\cebra_behavior_shuffled_moving_iter-5000_dim-3_model-S2.pt
2024-03-19 15:33:22,888 - GlobalLogger - INFO - DON-004366_20210301_S2: behavior_shuffled_moving model already trained. Skipping.
2024-03-19 15:33:22,914 - GlobalLogger - INFO - Loaded matching model D:\Experiments\Steffen\Rigid_Plastic\DON-004366\20210301\models\cebra_time_stationary_iter-5000_dim-3_model-S2.pt
2024-03-19 15:33:22,914 - GlobalLogger - INFO - DON-004366_20210301_S2: time_stationary model already trained. Skipping.
2024-03-19 15:33:22,936 - GlobalLogger - INFO - Loaded matching model D:\Experiments\Steffen\Rigid_Plastic\DON-004366\20210301\models\cebra_behavior_stationary_iter-5000_dim-3_model-S2.pt
2024-03-19 15:33:22,936 - GlobalLogger - INFO - DON-004366_20210301_S2: behavior_stationary model already trained. Skipping.
2024-03-19 15:33:22,952 - GlobalLogger - INFO - Loaded matching model D:\Experiments\Steffen\Rigid_Plastic\DON-004366\20210301\models\cebra_hybrid_stationary_iter-5000_dim-3_model-S2.pt
2024-03-19 15:33:22,952 - GlobalLogger - INFO - DON-004366_20210301_S2: hybrid_stationary model already trained. Skipping.
2024-03-19 15:33:22,966 - GlobalLogger - INFO - Loaded matching model D:\Experiments\Steffen\Rigid_Plastic\DON-004366\20210301\models\cebra_behavior_shuffled_stationary_iter-5000_dim-3_model-S2.pt
2024-03-19 15:33:22,966 - GlobalLogger - INFO - DON-004366_20210301_S2: behavior_shuffled_stationary model already trained. Skipping.
2024-03-19 15:33:22,983 - GlobalLogger - INFO - Loaded matching model D:\Experiments\Steffen\Rigid_Plastic\DON-004366\20210301\models\cebra_time_iter-5000_dim-3_model-S2.pt
2024-03-19 15:33:22,983 - GlobalLogger - INFO - DON-004366_20210301_S2: time model already trained. Skipping.
2024-03-19 15:33:23,002 - GlobalLogger - INFO - Loaded matching model D:\Experiments\Steffen\Rigid_Plastic\DON-004366\20210301\models\cebra_behavior_iter-5000_dim-3_model-S2.pt
2024-03-19 15:33:23,002 - GlobalLogger - INFO - DON-004366_20210301_S2: behavior model already trained. Skipping.
2024-03-19 15:33:23,019 - GlobalLogger - INFO - Loaded matching model D:\Experiments\Steffen\Rigid_Plastic\DON-004366\20210301\models\cebra_hybrid_iter-5000_dim-3_model-S2.pt
2024-03-19 15:33:23,019 - GlobalLogger - INFO - DON-004366_20210301_S2: hybrid model already trained. Skipping.
2024-03-19 15:33:23,037 - GlobalLogger - INFO - Loaded matching model D:\Experiments\Steffen\Rigid_Plastic\DON-004366\20210301\models\cebra_behavior_shuffled_iter-5000_dim-3_model-S2.pt
2024-03-19 15:33:23,037 - GlobalLogger - INFO - DON-004366_20210301_S2: behavior_shuffled model already trained. Skipping.
2024-03-19 15:33:24,103 - GlobalLogger - ERROR - No embedding labels given.
2024-03-19 15:33:24,104 - GlobalLogger - WARNING - Using behavior_data_types: ['position']
2024-03-19 15:33:31,228 - GlobalLogger - INFO - Loaded matching model D:\Experiments\Steffen\Rigid_Plastic\DON-004366\20210301\models\cebra_time_moving_iter-5000_dim-3_model-S3.pt
2024-03-19 15:33:31,228 - GlobalLogger - INFO - DON-004366_20210301_S3: time_moving model already trained. Skipping.
2024-03-19 15:33:31,253 - GlobalLogger - INFO - Loaded matching model D:\Experiments\Steffen\Rigid_Plastic\DON-004366\20210301\models\cebra_behavior_moving_iter-5000_dim-3_model-S3.pt
2024-03-19 15:33:31,253 - GlobalLogger - INFO - DON-004366_20210301_S3: behavior_moving model already trained. Skipping.
2024-03-19 15:33:31,289 - GlobalLogger - INFO - Loaded matching model D:\Experiments\Steffen\Rigid_Plastic\DON-004366\20210301\models\cebra_hybrid_moving_iter-5000_dim-3_model-S3.pt
2024-03-19 15:33:31,290 - GlobalLogger - INFO - DON-004366_20210301_S3: hybrid_moving model already trained. Skipping.
2024-03-19 15:33:31,310 - GlobalLogger - INFO - Loaded matching model D:\Experiments\Steffen\Rigid_Plastic\DON-004366\20210301\models\cebra_behavior_shuffled_moving_iter-5000_dim-3_model-S3.pt
2024-03-19 15:33:31,310 - GlobalLogger - INFO - DON-004366_20210301_S3: behavior_shuffled_moving model already trained. Skipping.
2024-03-19 15:33:31,311 - GlobalLogger - ERROR - No neural data to use. Skipping DON-004366_20210301_S3
2024-03-19 15:33:31,312 - GlobalLogger - ERROR - No neural data to use. Skipping DON-004366_20210301_S3
2024-03-19 15:33:31,313 - GlobalLogger - ERROR - No neural data to use. Skipping DON-004366_20210301_S3
2024-03-19 15:33:31,314 - GlobalLogger - ERROR - No neural data to use. Skipping DON-004366_20210301_S3
2024-03-19 15:33:31,342 - GlobalLogger - INFO - Loaded matching model D:\Experiments\Steffen\Rigid_Plastic\DON-004366\20210301\models\cebra_time_iter-5000_dim-3_model-S3.pt
2024-03-19 15:33:31,343 - GlobalLogger - INFO - DON-004366_20210301_S3: time model already trained. Skipping.
2024-03-19 15:33:31,375 - GlobalLogger - INFO - Loaded matching model D:\Experiments\Steffen\Rigid_Plastic\DON-004366\20210301\models\cebra_behavior_iter-5000_dim-3_model-S3.pt
2024-03-19 15:33:31,375 - GlobalLogger - INFO - DON-004366_20210301_S3: behavior model already trained. Skipping.
2024-03-19 15:33:31,394 - GlobalLogger - INFO - Loaded matching model D:\Experiments\Steffen\Rigid_Plastic\DON-004366\20210301\models\cebra_hybrid_iter-5000_dim-3_model-S3.pt
2024-03-19 15:33:31,394 - GlobalLogger - INFO - DON-004366_20210301_S3: hybrid model already trained. Skipping.
2024-03-19 15:33:31,424 - GlobalLogger - INFO - Loaded matching model D:\Experiments\Steffen\Rigid_Plastic\DON-004366\20210301\models\cebra_behavior_shuffled_iter-5000_dim-3_model-S3.pt
2024-03-19 15:33:31,424 - GlobalLogger - INFO - DON-004366_20210301_S3: behavior_shuffled model already trained. Skipping.
2024-03-19 15:33:31,968 - GlobalLogger - ERROR - time_stationary model. Not fitted.
2024-03-19 15:33:31,968 - GlobalLogger - WARNING - Skipping time_stationary model. May because of no statioary frames
2024-03-19 15:33:31,968 - GlobalLogger - ERROR - behavior_stationary model. Not fitted.
2024-03-19 15:33:31,969 - GlobalLogger - WARNING - Skipping behavior_stationary model. May because of no statioary frames
2024-03-19 15:33:31,969 - GlobalLogger - ERROR - hybrid_stationary model. Not fitted.
2024-03-19 15:33:31,969 - GlobalLogger - WARNING - Skipping hybrid_stationary model. May because of no statioary frames
2024-03-19 15:33:31,969 - GlobalLogger - ERROR - No embedding labels given.
2024-03-19 15:33:31,970 - GlobalLogger - WARNING - Using behavior_data_types: ['position']
2024-03-19 15:33:34,728 - GlobalLogger - ERROR - time_stationary Not fitted.
2024-03-19 15:33:34,729 - GlobalLogger - WARNING - Skipping model time_stationary.
2024-03-19 15:33:34,729 - GlobalLogger - ERROR - stationary Not fitted.
2024-03-19 15:33:34,729 - GlobalLogger - WARNING - Skipping model stationary.
2024-03-19 15:33:35,187 - GlobalLogger - INFO - Loaded matching model D:\Experiments\Steffen\Rigid_Plastic\DON-004366\20210303\models\cebra_time_moving_iter-5000_dim-3_model-S1.pt
2024-03-19 15:33:35,187 - GlobalLogger - INFO - DON-004366_20210303_S1: time_moving model already trained. Skipping.
2024-03-19 15:33:35,204 - GlobalLogger - INFO - Loaded matching model D:\Experiments\Steffen\Rigid_Plastic\DON-004366\20210303\models\cebra_behavior_moving_iter-5000_dim-3_model-S1.pt
2024-03-19 15:33:35,204 - GlobalLogger - INFO - DON-004366_20210303_S1: behavior_moving model already trained. Skipping.
2024-03-19 15:33:35,220 - GlobalLogger - INFO - Loaded matching model D:\Experiments\Steffen\Rigid_Plastic\DON-004366\20210303\models\cebra_hybrid_moving_iter-5000_dim-3_model-S1.pt
2024-03-19 15:33:35,220 - GlobalLogger - INFO - DON-004366_20210303_S1: hybrid_moving model already trained. Skipping.
2024-03-19 15:33:35,237 - GlobalLogger - INFO - Loaded matching model D:\Experiments\Steffen\Rigid_Plastic\DON-004366\20210303\models\cebra_behavior_shuffled_moving_iter-5000_dim-3_model-S1.pt
2024-03-19 15:33:35,237 - GlobalLogger - INFO - DON-004366_20210303_S1: behavior_shuffled_moving model already trained. Skipping.
2024-03-19 15:33:35,252 - GlobalLogger - INFO - Loaded matching model D:\Experiments\Steffen\Rigid_Plastic\DON-004366\20210303\models\cebra_time_stationary_iter-5000_dim-3_model-S1.pt
2024-03-19 15:33:35,252 - GlobalLogger - INFO - DON-004366_20210303_S1: time_stationary model already trained. Skipping.
2024-03-19 15:33:35,272 - GlobalLogger - INFO - Loaded matching model D:\Experiments\Steffen\Rigid_Plastic\DON-004366\20210303\models\cebra_behavior_stationary_iter-5000_dim-3_model-S1.pt
2024-03-19 15:33:35,272 - GlobalLogger - INFO - DON-004366_20210303_S1: behavior_stationary model already trained. Skipping.
2024-03-19 15:33:35,289 - GlobalLogger - INFO - Loaded matching model D:\Experiments\Steffen\Rigid_Plastic\DON-004366\20210303\models\cebra_hybrid_stationary_iter-5000_dim-3_model-S1.pt
2024-03-19 15:33:35,289 - GlobalLogger - INFO - DON-004366_20210303_S1: hybrid_stationary model already trained. Skipping.
2024-03-19 15:33:35,304 - GlobalLogger - INFO - Loaded matching model D:\Experiments\Steffen\Rigid_Plastic\DON-004366\20210303\models\cebra_behavior_shuffled_stationary_iter-5000_dim-3_model-S1.pt
2024-03-19 15:33:35,304 - GlobalLogger - INFO - DON-004366_20210303_S1: behavior_shuffled_stationary model already trained. Skipping.
2024-03-19 15:33:35,320 - GlobalLogger - INFO - Loaded matching model D:\Experiments\Steffen\Rigid_Plastic\DON-004366\20210303\models\cebra_time_iter-5000_dim-3_model-S1.pt
2024-03-19 15:33:35,320 - GlobalLogger - INFO - DON-004366_20210303_S1: time model already trained. Skipping.
2024-03-19 15:33:35,337 - GlobalLogger - INFO - Loaded matching model D:\Experiments\Steffen\Rigid_Plastic\DON-004366\20210303\models\cebra_behavior_iter-5000_dim-3_model-S1.pt
2024-03-19 15:33:35,337 - GlobalLogger - INFO - DON-004366_20210303_S1: behavior model already trained. Skipping.
2024-03-19 15:33:35,354 - GlobalLogger - INFO - Loaded matching model D:\Experiments\Steffen\Rigid_Plastic\DON-004366\20210303\models\cebra_hybrid_iter-5000_dim-3_model-S1.pt
2024-03-19 15:33:35,354 - GlobalLogger - INFO - DON-004366_20210303_S1: hybrid model already trained. Skipping.
2024-03-19 15:33:35,372 - GlobalLogger - INFO - Loaded matching model D:\Experiments\Steffen\Rigid_Plastic\DON-004366\20210303\models\cebra_behavior_shuffled_iter-5000_dim-3_model-S1.pt
2024-03-19 15:33:35,372 - GlobalLogger - INFO - DON-004366_20210303_S1: behavior_shuffled model already trained. Skipping.
2024-03-19 15:33:36,189 - GlobalLogger - ERROR - No embedding labels given.
2024-03-19 15:33:36,190 - GlobalLogger - WARNING - Using behavior_data_types: ['position']
2024-03-19 15:33:43,235 - GlobalLogger - INFO - Loaded matching model D:\Experiments\Steffen\Rigid_Plastic\DON-004366\20210303\models\cebra_time_moving_iter-5000_dim-3_model-S2.pt
2024-03-19 15:33:43,235 - GlobalLogger - INFO - DON-004366_20210303_S2: time_moving model already trained. Skipping.
2024-03-19 15:33:43,265 - GlobalLogger - INFO - Loaded matching model D:\Experiments\Steffen\Rigid_Plastic\DON-004366\20210303\models\cebra_behavior_moving_iter-5000_dim-3_model-S2.pt
2024-03-19 15:33:43,265 - GlobalLogger - INFO - DON-004366_20210303_S2: behavior_moving model already trained. Skipping.
2024-03-19 15:33:43,284 - GlobalLogger - INFO - Loaded matching model D:\Experiments\Steffen\Rigid_Plastic\DON-004366\20210303\models\cebra_hybrid_moving_iter-5000_dim-3_model-S2.pt
2024-03-19 15:33:43,284 - GlobalLogger - INFO - DON-004366_20210303_S2: hybrid_moving model already trained. Skipping.
2024-03-19 15:33:43,300 - GlobalLogger - INFO - Loaded matching model D:\Experiments\Steffen\Rigid_Plastic\DON-004366\20210303\models\cebra_behavior_shuffled_moving_iter-5000_dim-3_model-S2.pt
2024-03-19 15:33:43,300 - GlobalLogger - INFO - DON-004366_20210303_S2: behavior_shuffled_moving model already trained. Skipping.
2024-03-19 15:33:43,302 - GlobalLogger - ERROR - No neural data to use. Skipping DON-004366_20210303_S2
2024-03-19 15:33:43,306 - GlobalLogger - ERROR - No neural data to use. Skipping DON-004366_20210303_S2
2024-03-19 15:33:43,309 - GlobalLogger - ERROR - No neural data to use. Skipping DON-004366_20210303_S2
2024-03-19 15:33:43,313 - GlobalLogger - ERROR - No neural data to use. Skipping DON-004366_20210303_S2
2024-03-19 15:33:43,334 - GlobalLogger - INFO - Loaded matching model D:\Experiments\Steffen\Rigid_Plastic\DON-004366\20210303\models\cebra_time_iter-5000_dim-3_model-S2.pt
2024-03-19 15:33:43,334 - GlobalLogger - INFO - DON-004366_20210303_S2: time model already trained. Skipping.
2024-03-19 15:33:43,356 - GlobalLogger - INFO - Loaded matching model D:\Experiments\Steffen\Rigid_Plastic\DON-004366\20210303\models\cebra_behavior_iter-5000_dim-3_model-S2.pt
2024-03-19 15:33:43,356 - GlobalLogger - INFO - DON-004366_20210303_S2: behavior model already trained. Skipping.
2024-03-19 15:33:43,372 - GlobalLogger - INFO - Loaded matching model D:\Experiments\Steffen\Rigid_Plastic\DON-004366\20210303\models\cebra_hybrid_iter-5000_dim-3_model-S2.pt
2024-03-19 15:33:43,372 - GlobalLogger - INFO - DON-004366_20210303_S2: hybrid model already trained. Skipping.
2024-03-19 15:33:43,400 - GlobalLogger - INFO - Loaded matching model D:\Experiments\Steffen\Rigid_Plastic\DON-004366\20210303\models\cebra_behavior_shuffled_iter-5000_dim-3_model-S2.pt
2024-03-19 15:33:43,400 - GlobalLogger - INFO - DON-004366_20210303_S2: behavior_shuffled model already trained. Skipping.
2024-03-19 15:33:43,747 - GlobalLogger - ERROR - time_stationary model. Not fitted.
2024-03-19 15:33:43,747 - GlobalLogger - WARNING - Skipping time_stationary model. May because of no statioary frames
2024-03-19 15:33:43,747 - GlobalLogger - ERROR - behavior_stationary model. Not fitted.
2024-03-19 15:33:43,747 - GlobalLogger - WARNING - Skipping behavior_stationary model. May because of no statioary frames
2024-03-19 15:33:43,748 - GlobalLogger - ERROR - hybrid_stationary model. Not fitted.
2024-03-19 15:33:43,748 - GlobalLogger - WARNING - Skipping hybrid_stationary model. May because of no statioary frames
2024-03-19 15:33:43,748 - GlobalLogger - ERROR - No embedding labels given.
2024-03-19 15:33:43,748 - GlobalLogger - WARNING - Using behavior_data_types: ['position']
2024-03-19 15:33:46,446 - GlobalLogger - ERROR - time_stationary Not fitted.
2024-03-19 15:33:46,446 - GlobalLogger - WARNING - Skipping model time_stationary.
2024-03-19 15:33:46,446 - GlobalLogger - ERROR - stationary Not fitted.
2024-03-19 15:33:46,447 - GlobalLogger - WARNING - Skipping model stationary.
2024-03-19 15:33:46,899 - GlobalLogger - INFO - Loaded matching model D:\Experiments\Steffen\Rigid_Plastic\DON-004366\20210303\models\cebra_time_moving_iter-5000_dim-3_model-S3.pt
2024-03-19 15:33:46,899 - GlobalLogger - INFO - DON-004366_20210303_S3: time_moving model already trained. Skipping.
2024-03-19 15:33:46,921 - GlobalLogger - INFO - Loaded matching model D:\Experiments\Steffen\Rigid_Plastic\DON-004366\20210303\models\cebra_behavior_moving_iter-5000_dim-3_model-S3.pt
2024-03-19 15:33:46,921 - GlobalLogger - INFO - DON-004366_20210303_S3: behavior_moving model already trained. Skipping.
2024-03-19 15:33:46,939 - GlobalLogger - INFO - Loaded matching model D:\Experiments\Steffen\Rigid_Plastic\DON-004366\20210303\models\cebra_hybrid_moving_iter-5000_dim-3_model-S3.pt
2024-03-19 15:33:46,939 - GlobalLogger - INFO - DON-004366_20210303_S3: hybrid_moving model already trained. Skipping.
2024-03-19 15:33:46,959 - GlobalLogger - INFO - Loaded matching model D:\Experiments\Steffen\Rigid_Plastic\DON-004366\20210303\models\cebra_behavior_shuffled_moving_iter-5000_dim-3_model-S3.pt
2024-03-19 15:33:46,959 - GlobalLogger - INFO - DON-004366_20210303_S3: behavior_shuffled_moving model already trained. Skipping.
2024-03-19 15:33:46,978 - GlobalLogger - INFO - Loaded matching model D:\Experiments\Steffen\Rigid_Plastic\DON-004366\20210303\models\cebra_time_stationary_iter-5000_dim-3_model-S3.pt
2024-03-19 15:33:46,978 - GlobalLogger - INFO - DON-004366_20210303_S3: time_stationary model already trained. Skipping.
2024-03-19 15:33:46,999 - GlobalLogger - INFO - Loaded matching model D:\Experiments\Steffen\Rigid_Plastic\DON-004366\20210303\models\cebra_behavior_stationary_iter-5000_dim-3_model-S3.pt
2024-03-19 15:33:46,999 - GlobalLogger - INFO - DON-004366_20210303_S3: behavior_stationary model already trained. Skipping.
2024-03-19 15:33:47,017 - GlobalLogger - INFO - Loaded matching model D:\Experiments\Steffen\Rigid_Plastic\DON-004366\20210303\models\cebra_hybrid_stationary_iter-5000_dim-3_model-S3.pt
2024-03-19 15:33:47,017 - GlobalLogger - INFO - DON-004366_20210303_S3: hybrid_stationary model already trained. Skipping.
2024-03-19 15:33:47,036 - GlobalLogger - INFO - Loaded matching model D:\Experiments\Steffen\Rigid_Plastic\DON-004366\20210303\models\cebra_behavior_shuffled_stationary_iter-5000_dim-3_model-S3.pt
2024-03-19 15:33:47,036 - GlobalLogger - INFO - DON-004366_20210303_S3: behavior_shuffled_stationary model already trained. Skipping.
2024-03-19 15:33:47,056 - GlobalLogger - INFO - Loaded matching model D:\Experiments\Steffen\Rigid_Plastic\DON-004366\20210303\models\cebra_time_iter-5000_dim-3_model-S3.pt
2024-03-19 15:33:47,056 - GlobalLogger - INFO - DON-004366_20210303_S3: time model already trained. Skipping.
2024-03-19 15:33:47,074 - GlobalLogger - INFO - Loaded matching model D:\Experiments\Steffen\Rigid_Plastic\DON-004366\20210303\models\cebra_behavior_iter-5000_dim-3_model-S3.pt
2024-03-19 15:33:47,074 - GlobalLogger - INFO - DON-004366_20210303_S3: behavior model already trained. Skipping.
2024-03-19 15:33:47,099 - GlobalLogger - INFO - Loaded matching model D:\Experiments\Steffen\Rigid_Plastic\DON-004366\20210303\models\cebra_hybrid_iter-5000_dim-3_model-S3.pt
2024-03-19 15:33:47,099 - GlobalLogger - INFO - DON-004366_20210303_S3: hybrid model already trained. Skipping.
2024-03-19 15:33:47,122 - GlobalLogger - INFO - Loaded matching model D:\Experiments\Steffen\Rigid_Plastic\DON-004366\20210303\models\cebra_behavior_shuffled_iter-5000_dim-3_model-S3.pt
2024-03-19 15:33:47,122 - GlobalLogger - INFO - DON-004366_20210303_S3: behavior_shuffled model already trained. Skipping.
2024-03-19 15:33:47,948 - GlobalLogger - ERROR - No embedding labels given.
2024-03-19 15:33:47,948 - GlobalLogger - WARNING - Using behavior_data_types: ['position']
2024-03-20 11:01:32,271 - GlobalLogger - INFO - Loaded matching model D:\Experiments\Steffen\Rigid_Plastic\DON-004366\20210228\models\cebra_behavior_iter-20000_dim-3_model-S1.pt
2024-03-20 11:01:32,272 - GlobalLogger - INFO - DON-004366_20210228_S1: behavior model already trained. Skipping.
2024-03-20 11:02:12,192 - GlobalLogger - INFO - DON-004366_20210228_S1: behavior model already trained. Skipping.
2024-03-20 11:11:27,079 - GlobalLogger - INFO - DON-004366_20210228_S1: behavior model already trained. Skipping.
2024-03-20 11:11:44,561 - GlobalLogger - INFO - DON-004366_20210228_S1: behavior model already trained. Skipping.
2024-03-20 11:11:51,226 - GlobalLogger - INFO - DON-004366_20210228_S1: behavior model already trained. Skipping.
2024-03-20 11:24:01,824 - GlobalLogger - INFO - DON-004366_20210228_S1: Training  behavior_distance model.
2024-03-20 11:33:36,380 - GlobalLogger - WARNING - No data to transform given. Using default labels.
2024-03-20 11:33:36,609 - GlobalLogger - ERROR - No embedding labels given.
2024-03-20 11:33:36,612 - GlobalLogger - WARNING - Using behavior_data_types: ['position', 'distance', 'stimulus']
2024-03-20 11:43:12,844 - GlobalLogger - INFO - DON-004366_20210228_S1: behavior_distance model already trained. Skipping.
2024-03-20 11:43:12,845 - GlobalLogger - INFO - DON-004366_20210228_S1: Training  behavior_stimulus model.
2024-03-20 11:47:02,296 - GlobalLogger - WARNING - No data to transform given. Using default labels.
2024-03-20 11:47:02,459 - GlobalLogger - ERROR - No embedding labels given.
2024-03-20 11:47:02,462 - GlobalLogger - WARNING - Using behavior_data_types: ['position', 'distance', 'stimulus']
2024-03-20 12:06:25,248 - GlobalLogger - INFO - Loaded matching model D:\Experiments\Steffen\Rigid_Plastic\DON-004366\20210228\models\cebra_time_iter-5000_dim-3_model-S1.pt
2024-03-20 12:06:25,256 - GlobalLogger - INFO - Loaded matching model D:\Experiments\Steffen\Rigid_Plastic\DON-004366\20210228\models\cebra_behavior_iter-5000_dim-3_model-S1.pt
2024-03-20 12:06:25,263 - GlobalLogger - INFO - Loaded matching model D:\Experiments\Steffen\Rigid_Plastic\DON-004366\20210228\models\cebra_hybrid_iter-5000_dim-3_model-S1.pt
2024-03-20 12:06:25,270 - GlobalLogger - INFO - Loaded matching model D:\Experiments\Steffen\Rigid_Plastic\DON-004366\20210228\models\cebra_time_iter-5000_dim-3_model-S2.pt
2024-03-20 12:06:25,277 - GlobalLogger - INFO - Loaded matching model D:\Experiments\Steffen\Rigid_Plastic\DON-004366\20210228\models\cebra_behavior_iter-5000_dim-3_model-S2.pt
2024-03-20 12:06:25,284 - GlobalLogger - INFO - Loaded matching model D:\Experiments\Steffen\Rigid_Plastic\DON-004366\20210228\models\cebra_hybrid_iter-5000_dim-3_model-S2.pt
2024-03-20 12:06:25,292 - GlobalLogger - INFO - Loaded matching model D:\Experiments\Steffen\Rigid_Plastic\DON-004366\20210228\models\cebra_time_iter-5000_dim-3_model-S3.pt
2024-03-20 12:06:25,299 - GlobalLogger - INFO - Loaded matching model D:\Experiments\Steffen\Rigid_Plastic\DON-004366\20210228\models\cebra_behavior_iter-5000_dim-3_model-S3.pt
2024-03-20 12:06:25,305 - GlobalLogger - INFO - Loaded matching model D:\Experiments\Steffen\Rigid_Plastic\DON-004366\20210228\models\cebra_hybrid_iter-5000_dim-3_model-S3.pt
2024-03-20 12:07:53,704 - GlobalLogger - INFO - Loaded matching model D:\Experiments\Steffen\Rigid_Plastic\DON-004366\20210228\models\cebra_time_iter-5000_dim-3_model-S1.pt
2024-03-20 12:07:53,709 - GlobalLogger - INFO - Loaded matching model D:\Experiments\Steffen\Rigid_Plastic\DON-004366\20210228\models\cebra_behavior_iter-5000_dim-3_model-S1.pt
2024-03-20 12:07:53,739 - GlobalLogger - INFO - Loaded matching model D:\Experiments\Steffen\Rigid_Plastic\DON-004366\20210228\models\cebra_hybrid_iter-5000_dim-3_model-S1.pt
2024-03-20 12:07:53,759 - GlobalLogger - INFO - Loaded matching model D:\Experiments\Steffen\Rigid_Plastic\DON-004366\20210228\models\cebra_time_iter-5000_dim-3_model-S2.pt
2024-03-20 12:07:53,790 - GlobalLogger - INFO - Loaded matching model D:\Experiments\Steffen\Rigid_Plastic\DON-004366\20210228\models\cebra_behavior_iter-5000_dim-3_model-S2.pt
2024-03-20 12:07:53,822 - GlobalLogger - INFO - Loaded matching model D:\Experiments\Steffen\Rigid_Plastic\DON-004366\20210228\models\cebra_hybrid_iter-5000_dim-3_model-S2.pt
2024-03-20 12:07:53,850 - GlobalLogger - INFO - Loaded matching model D:\Experiments\Steffen\Rigid_Plastic\DON-004366\20210228\models\cebra_time_iter-5000_dim-3_model-S3.pt
2024-03-20 12:07:53,854 - GlobalLogger - INFO - Loaded matching model D:\Experiments\Steffen\Rigid_Plastic\DON-004366\20210228\models\cebra_behavior_iter-5000_dim-3_model-S3.pt
2024-03-20 12:07:53,856 - GlobalLogger - INFO - Loaded matching model D:\Experiments\Steffen\Rigid_Plastic\DON-004366\20210228\models\cebra_hybrid_iter-5000_dim-3_model-S3.pt
2024-03-20 12:08:02,799 - GlobalLogger - INFO - Loaded matching model D:\Experiments\Steffen\Rigid_Plastic\DON-004366\20210228\models\cebra_time_iter-5000_dim-3_model-S1.pt
2024-03-20 12:08:02,817 - GlobalLogger - INFO - Loaded matching model D:\Experiments\Steffen\Rigid_Plastic\DON-004366\20210228\models\cebra_behavior_iter-5000_dim-3_model-S1.pt
2024-03-20 12:08:02,826 - GlobalLogger - INFO - Loaded matching model D:\Experiments\Steffen\Rigid_Plastic\DON-004366\20210228\models\cebra_hybrid_iter-5000_dim-3_model-S1.pt
2024-03-20 12:08:02,833 - GlobalLogger - INFO - Loaded matching model D:\Experiments\Steffen\Rigid_Plastic\DON-004366\20210228\models\cebra_time_iter-5000_dim-3_model-S2.pt
2024-03-20 12:08:02,877 - GlobalLogger - INFO - Loaded matching model D:\Experiments\Steffen\Rigid_Plastic\DON-004366\20210228\models\cebra_behavior_iter-5000_dim-3_model-S2.pt
2024-03-20 12:08:02,883 - GlobalLogger - INFO - Loaded matching model D:\Experiments\Steffen\Rigid_Plastic\DON-004366\20210228\models\cebra_hybrid_iter-5000_dim-3_model-S2.pt
2024-03-20 12:08:02,917 - GlobalLogger - INFO - Loaded matching model D:\Experiments\Steffen\Rigid_Plastic\DON-004366\20210228\models\cebra_time_iter-5000_dim-3_model-S3.pt
2024-03-20 12:08:02,954 - GlobalLogger - INFO - Loaded matching model D:\Experiments\Steffen\Rigid_Plastic\DON-004366\20210228\models\cebra_behavior_iter-5000_dim-3_model-S3.pt
2024-03-20 12:08:02,995 - GlobalLogger - INFO - Loaded matching model D:\Experiments\Steffen\Rigid_Plastic\DON-004366\20210228\models\cebra_hybrid_iter-5000_dim-3_model-S3.pt
2024-03-20 12:08:02,995 - GlobalLogger - INFO - Loading D:\Experiments\Steffen\Rigid_Plastic\DON-004366\20210228\DON-004366_20210228_S1_ca_data.npy
2024-03-20 12:08:03,035 - GlobalLogger - WARNING - Data is probably transposed. Needed Shape [Time, cells] Transposing...
2024-03-20 12:08:05,664 - GlobalLogger - INFO - Loading D:\Experiments\Steffen\Rigid_Plastic\DON-004366\20210228\DON-004366_20210228_S1_pos_track.npy
2024-03-20 12:08:06,021 - GlobalLogger - INFO - Loading D:\Experiments\Steffen\Rigid_Plastic\DON-004366\20210228\DON-004366_20210228_S1_distance_track.npy
2024-03-20 12:08:06,347 - GlobalLogger - INFO - Loading D:\Experiments\Steffen\Rigid_Plastic\DON-004366\20210228\DON-004366_20210228_S1_velocity_track.npy
2024-03-20 12:08:06,782 - GlobalLogger - INFO - Loading D:\Experiments\Steffen\Rigid_Plastic\DON-004366\20210228\DON-004366_20210228_S1_moving_track.npy
2024-03-20 12:08:07,095 - GlobalLogger - INFO - Loading D:\Experiments\Steffen\Rigid_Plastic\DON-004366\20210228\DON-004366_20210228_S1_acceleration_track.npy
2024-03-20 12:08:07,493 - GlobalLogger - INFO - Loading D:\Experiments\Steffen\Rigid_Plastic\DON-004366\20210228\DON-004366_20210228_S1_stimulus_track.npy
2024-03-20 12:08:07,822 - GlobalLogger - INFO - Loading D:\Experiments\Steffen\Rigid_Plastic\DON-004366\20210228\DON-004366_20210228_S2_ca_data.npy
2024-03-20 12:08:07,845 - GlobalLogger - WARNING - Data is probably transposed. Needed Shape [Time, cells] Transposing...
2024-03-20 12:08:09,740 - GlobalLogger - INFO - Loading D:\Experiments\Steffen\Rigid_Plastic\DON-004366\20210228\DON-004366_20210228_S2_pos_track.npy
2024-03-20 12:08:10,133 - GlobalLogger - INFO - Loading D:\Experiments\Steffen\Rigid_Plastic\DON-004366\20210228\DON-004366_20210228_S2_distance_track.npy
2024-03-20 12:08:10,445 - GlobalLogger - INFO - Loading D:\Experiments\Steffen\Rigid_Plastic\DON-004366\20210228\DON-004366_20210228_S2_velocity_track.npy
2024-03-20 12:08:10,803 - GlobalLogger - INFO - Loading D:\Experiments\Steffen\Rigid_Plastic\DON-004366\20210228\DON-004366_20210228_S2_moving_track.npy
2024-03-20 12:08:11,097 - GlobalLogger - INFO - Loading D:\Experiments\Steffen\Rigid_Plastic\DON-004366\20210228\DON-004366_20210228_S2_acceleration_track.npy
2024-03-20 12:08:11,458 - GlobalLogger - INFO - Loading D:\Experiments\Steffen\Rigid_Plastic\DON-004366\20210228\DON-004366_20210228_S2_stimulus_track.npy
2024-03-20 12:08:11,760 - GlobalLogger - INFO - Loading D:\Experiments\Steffen\Rigid_Plastic\DON-004366\20210228\DON-004366_20210228_S3_ca_data.npy
2024-03-20 12:08:11,799 - GlobalLogger - WARNING - Data is probably transposed. Needed Shape [Time, cells] Transposing...
2024-03-20 12:08:14,313 - GlobalLogger - INFO - Loading D:\Experiments\Steffen\Rigid_Plastic\DON-004366\20210228\DON-004366_20210228_S3_pos_track.npy
2024-03-20 12:08:14,792 - GlobalLogger - INFO - Loading D:\Experiments\Steffen\Rigid_Plastic\DON-004366\20210228\DON-004366_20210228_S3_distance_track.npy
2024-03-20 12:08:15,116 - GlobalLogger - INFO - Loading D:\Experiments\Steffen\Rigid_Plastic\DON-004366\20210228\DON-004366_20210228_S3_velocity_track.npy
2024-03-20 12:08:15,486 - GlobalLogger - INFO - Loading D:\Experiments\Steffen\Rigid_Plastic\DON-004366\20210228\DON-004366_20210228_S3_moving_track.npy
2024-03-20 12:08:15,783 - GlobalLogger - INFO - Loading D:\Experiments\Steffen\Rigid_Plastic\DON-004366\20210228\DON-004366_20210228_S3_acceleration_track.npy
2024-03-20 12:08:16,156 - GlobalLogger - INFO - Loading D:\Experiments\Steffen\Rigid_Plastic\DON-004366\20210228\DON-004366_20210228_S3_stimulus_track.npy
2024-03-20 13:07:28,523 - GlobalLogger - INFO - DON-004366_20210228_S1: Training  behavior_distance model.
2024-03-20 13:07:59,119 - GlobalLogger - INFO - Loaded matching model D:\Experiments\Steffen\Rigid_Plastic\DON-004366\20210228\models\cebra_behavior_distance_iter-20000_dim-3_model-S1.pt
2024-03-20 13:07:59,120 - GlobalLogger - INFO - DON-004366_20210228_S1: behavior_distance model already trained. Skipping.
2024-03-20 13:07:59,166 - GlobalLogger - INFO - Loaded matching model D:\Experiments\Steffen\Rigid_Plastic\DON-004366\20210228\models\cebra_behavior_stimulus_iter-20000_dim-3_model-S1.pt
2024-03-20 13:07:59,166 - GlobalLogger - INFO - DON-004366_20210228_S1: behavior_stimulus model already trained. Skipping.
2024-03-20 13:08:01,103 - GlobalLogger - WARNING - No data to transform given. Using default labels.
2024-03-20 13:08:01,535 - GlobalLogger - ERROR - No embedding labels given.
2024-03-20 13:08:01,536 - GlobalLogger - WARNING - Using behavior_data_types: ['position', 'distance', 'stimulus']
2024-03-22 10:01:45,024 - GlobalLogger - INFO - DON-004366_20210228_S1: Training  behavior_stimulus_moving_0.8 model.
2024-03-22 11:49:06,450 - GlobalLogger - INFO - DON-004366_20210228_S1: behavior_stimulus_moving_0.8 model already trained. Skipping.
2024-03-22 11:50:41,277 - GlobalLogger - INFO - DON-004366_20210228_S1: behavior_stimulus_moving_0.8 model already trained. Skipping.
2024-03-22 12:00:40,011 - GlobalLogger - INFO - DON-004366_20210228_S1: behavior_stimulus_moving_0.8 model already trained. Skipping.
2024-03-22 12:09:53,969 - GlobalLogger - INFO - DON-004366_20210228_S1: Training  behavior_position_moving_0.8 model.
2024-03-22 12:17:01,588 - GlobalLogger - INFO - DON-004366_20210228_S1: behavior_position_moving_0.8 model already trained. Skipping.
2024-03-22 13:04:16,871 - GlobalLogger - INFO - DON-004366_20210228_S1: behavior_stimulus_moving_0.8 model already trained. Skipping.
2024-03-22 13:04:49,634 - GlobalLogger - INFO - DON-004366_20210228_S1: behavior_position_moving_0.8 model already trained. Skipping.
2024-03-22 13:09:04,036 - GlobalLogger - INFO - DON-004366_20210228_S1: behavior_position_moving_0.8 model already trained. Skipping.
2024-03-22 13:10:00,381 - GlobalLogger - INFO - DON-004366_20210228_S1: behavior_position_moving_0.8 model already trained. Skipping.
2024-03-22 13:18:20,274 - GlobalLogger - INFO - DON-004366_20210228_S1: behavior_position_moving_0.8 model already trained. Skipping.
2024-03-22 13:20:50,493 - GlobalLogger - INFO - DON-004366_20210228_S1: behavior_position_moving_0.8 model already trained. Skipping.
2024-03-22 13:24:48,181 - GlobalLogger - INFO - DON-004366_20210228_S1: behavior_position_moving_0.8 model already trained. Skipping.
2024-03-22 13:25:32,633 - GlobalLogger - INFO - DON-004366_20210228_S1: behavior_position_moving_0.8 model already trained. Skipping.
2024-03-22 13:29:29,357 - GlobalLogger - INFO - DON-004366_20210228_S1: behavior_position_moving_0.8 model already trained. Skipping.
2024-03-22 13:34:09,087 - GlobalLogger - INFO - DON-004366_20210228_S1: behavior_position_moving_0.8 model already trained. Skipping.
2024-03-22 13:35:21,811 - GlobalLogger - INFO - DON-004366_20210228_S1: behavior_position_moving_0.8 model already trained. Skipping.
2024-03-22 13:35:53,264 - GlobalLogger - INFO - DON-004366_20210228_S1: behavior_position_moving_0.8 model already trained. Skipping.
2024-03-22 13:36:40,202 - GlobalLogger - INFO - DON-004366_20210228_S1: behavior_position_moving_0.8 model already trained. Skipping.
2024-03-22 13:38:26,804 - GlobalLogger - INFO - DON-004366_20210228_S1: behavior_position_moving_0.8 model already trained. Skipping.
2024-03-22 13:39:24,031 - GlobalLogger - INFO - DON-004366_20210228_S1: behavior_position_moving_0.8 model already trained. Skipping.
2024-03-22 13:43:47,510 - GlobalLogger - INFO - DON-004366_20210228_S1: behavior_position_moving_0.8 model already trained. Skipping.
2024-03-22 16:08:23,105 - GlobalLogger - INFO - DON-004366_20210228_S1: Training  behavior_position model.
2024-03-22 16:09:36,023 - GlobalLogger - INFO - DON-004366_20210228_S1: Training  behavior_position_moving model.
2024-03-22 16:13:37,718 - GlobalLogger - INFO - DON-004366_20210228_S1: Training  behavior_stimulus_moving model.
2024-03-22 16:17:23,519 - GlobalLogger - INFO - DON-004366_20210228_S1: Training  behavior_distance_moving model.
2024-03-22 16:18:04,858 - GlobalLogger - INFO - DON-004366_20210228_S1: behavior_position_moving model already trained. Skipping.
2024-03-22 16:18:04,898 - GlobalLogger - INFO - DON-004366_20210228_S1: behavior_stimulus_moving model already trained. Skipping.
2024-03-22 16:18:04,938 - GlobalLogger - INFO - DON-004366_20210228_S1: Training  behavior_distance_moving model.
2024-03-22 16:22:06,529 - GlobalLogger - WARNING - No data to transform given. Using default labels.
2024-03-22 16:22:06,677 - GlobalLogger - ERROR - behavior_stimulus_moveing_0.8 model. Not fitted.
2024-03-22 16:22:06,682 - GlobalLogger - WARNING - Skipping behavior_stimulus_moveing_0.8 model. May because of no statioary frames
2024-03-22 16:22:06,929 - GlobalLogger - ERROR - behavior_position model. Not fitted.
2024-03-22 16:22:06,934 - GlobalLogger - WARNING - Skipping behavior_position model. May because of no statioary frames
2024-03-22 16:22:07,192 - GlobalLogger - ERROR - No embedding labels given.
2024-03-22 16:22:07,197 - GlobalLogger - WARNING - Using behavior_data_types: ['position', 'stimulus', 'distance']
2024-03-22 16:24:32,060 - GlobalLogger - INFO - Loaded matching model D:\Experiments\Steffen\Rigid_Plastic\DON-004366\20210228\models\cebra_time_iter-20000_dim-3_model-S1.pt
2024-03-22 16:24:32,071 - GlobalLogger - INFO - Loaded matching model D:\Experiments\Steffen\Rigid_Plastic\DON-004366\20210228\models\cebra_behavior_iter-20000_dim-3_model-S1.pt
2024-03-22 16:24:32,078 - GlobalLogger - INFO - Loaded matching model D:\Experiments\Steffen\Rigid_Plastic\DON-004366\20210228\models\cebra_hybrid_iter-20000_dim-3_model-S1.pt
2024-03-22 16:24:32,089 - GlobalLogger - INFO - Loaded matching model D:\Experiments\Steffen\Rigid_Plastic\DON-004366\20210228\models\cebra_time_iter-20000_dim-3_model-S2.pt
2024-03-22 16:24:32,098 - GlobalLogger - INFO - Loaded matching model D:\Experiments\Steffen\Rigid_Plastic\DON-004366\20210228\models\cebra_behavior_iter-20000_dim-3_model-S2.pt
2024-03-22 16:24:32,107 - GlobalLogger - INFO - Loaded matching model D:\Experiments\Steffen\Rigid_Plastic\DON-004366\20210228\models\cebra_hybrid_iter-20000_dim-3_model-S2.pt
2024-03-22 16:24:32,118 - GlobalLogger - INFO - Loaded matching model D:\Experiments\Steffen\Rigid_Plastic\DON-004366\20210228\models\cebra_time_iter-20000_dim-3_model-S3.pt
2024-03-22 16:24:32,127 - GlobalLogger - INFO - Loaded matching model D:\Experiments\Steffen\Rigid_Plastic\DON-004366\20210228\models\cebra_behavior_iter-20000_dim-3_model-S3.pt
2024-03-22 16:24:32,134 - GlobalLogger - INFO - Loaded matching model D:\Experiments\Steffen\Rigid_Plastic\DON-004366\20210228\models\cebra_hybrid_iter-20000_dim-3_model-S3.pt
2024-03-22 16:24:32,134 - GlobalLogger - INFO - Loading D:\Experiments\Steffen\Rigid_Plastic\DON-004366\20210228\DON-004366_20210228_S1_ca_data.npy
2024-03-22 16:24:32,172 - GlobalLogger - WARNING - Data is probably transposed. Needed Shape [Time, cells] Transposing...
2024-03-22 16:24:34,728 - GlobalLogger - INFO - Loading D:\Experiments\Steffen\Rigid_Plastic\DON-004366\20210228\DON-004366_20210228_S1_pos_track.npy
2024-03-22 16:24:35,193 - GlobalLogger - INFO - Loading D:\Experiments\Steffen\Rigid_Plastic\DON-004366\20210228\DON-004366_20210228_S1_distance_track.npy
2024-03-22 16:24:35,532 - GlobalLogger - INFO - Loading D:\Experiments\Steffen\Rigid_Plastic\DON-004366\20210228\DON-004366_20210228_S1_velocity_track.npy
2024-03-22 16:24:35,921 - GlobalLogger - INFO - Loading D:\Experiments\Steffen\Rigid_Plastic\DON-004366\20210228\DON-004366_20210228_S1_moving_track.npy
2024-03-22 16:24:36,297 - GlobalLogger - INFO - Loading D:\Experiments\Steffen\Rigid_Plastic\DON-004366\20210228\DON-004366_20210228_S1_acceleration_track.npy
2024-03-22 16:24:36,744 - GlobalLogger - INFO - Loading D:\Experiments\Steffen\Rigid_Plastic\DON-004366\20210228\DON-004366_20210228_S1_stimulus_track.npy
2024-03-22 16:24:37,061 - GlobalLogger - INFO - Loading D:\Experiments\Steffen\Rigid_Plastic\DON-004366\20210228\DON-004366_20210228_S2_ca_data.npy
2024-03-22 16:24:37,082 - GlobalLogger - WARNING - Data is probably transposed. Needed Shape [Time, cells] Transposing...
2024-03-22 16:24:38,946 - GlobalLogger - INFO - Loading D:\Experiments\Steffen\Rigid_Plastic\DON-004366\20210228\DON-004366_20210228_S2_pos_track.npy
2024-03-22 16:24:39,276 - GlobalLogger - INFO - Loading D:\Experiments\Steffen\Rigid_Plastic\DON-004366\20210228\DON-004366_20210228_S2_distance_track.npy
2024-03-22 16:24:39,581 - GlobalLogger - INFO - Loading D:\Experiments\Steffen\Rigid_Plastic\DON-004366\20210228\DON-004366_20210228_S2_velocity_track.npy
2024-03-22 16:24:39,965 - GlobalLogger - INFO - Loading D:\Experiments\Steffen\Rigid_Plastic\DON-004366\20210228\DON-004366_20210228_S2_moving_track.npy
2024-03-22 16:24:40,266 - GlobalLogger - INFO - Loading D:\Experiments\Steffen\Rigid_Plastic\DON-004366\20210228\DON-004366_20210228_S2_acceleration_track.npy
2024-03-22 16:24:40,632 - GlobalLogger - INFO - Loading D:\Experiments\Steffen\Rigid_Plastic\DON-004366\20210228\DON-004366_20210228_S2_stimulus_track.npy
2024-03-22 16:24:40,939 - GlobalLogger - INFO - Loading D:\Experiments\Steffen\Rigid_Plastic\DON-004366\20210228\DON-004366_20210228_S3_ca_data.npy
2024-03-22 16:24:40,973 - GlobalLogger - WARNING - Data is probably transposed. Needed Shape [Time, cells] Transposing...
2024-03-22 16:24:43,471 - GlobalLogger - INFO - Loading D:\Experiments\Steffen\Rigid_Plastic\DON-004366\20210228\DON-004366_20210228_S3_pos_track.npy
2024-03-22 16:24:43,941 - GlobalLogger - INFO - Loading D:\Experiments\Steffen\Rigid_Plastic\DON-004366\20210228\DON-004366_20210228_S3_distance_track.npy
2024-03-22 16:24:44,374 - GlobalLogger - INFO - Loading D:\Experiments\Steffen\Rigid_Plastic\DON-004366\20210228\DON-004366_20210228_S3_velocity_track.npy
2024-03-22 16:24:44,758 - GlobalLogger - INFO - Loading D:\Experiments\Steffen\Rigid_Plastic\DON-004366\20210228\DON-004366_20210228_S3_moving_track.npy
2024-03-22 16:24:45,069 - GlobalLogger - INFO - Loading D:\Experiments\Steffen\Rigid_Plastic\DON-004366\20210228\DON-004366_20210228_S3_acceleration_track.npy
2024-03-22 16:24:45,460 - GlobalLogger - INFO - Loading D:\Experiments\Steffen\Rigid_Plastic\DON-004366\20210228\DON-004366_20210228_S3_stimulus_track.npy
2024-03-22 16:24:50,086 - GlobalLogger - INFO - Loaded matching model D:\Experiments\Steffen\Rigid_Plastic\DON-004366\20210228\models\cebra_behavior_position_moving_iter-20000_dim-3_model-S1.pt
2024-03-22 16:24:50,123 - GlobalLogger - INFO - DON-004366_20210228_S1: behavior_position_moving model already trained. Skipping.
2024-03-22 16:24:50,151 - GlobalLogger - INFO - Loaded matching model D:\Experiments\Steffen\Rigid_Plastic\DON-004366\20210228\models\cebra_behavior_stimulus_moving_iter-20000_dim-3_model-S1.pt
2024-03-22 16:24:50,187 - GlobalLogger - INFO - DON-004366_20210228_S1: behavior_stimulus_moving model already trained. Skipping.
2024-03-22 16:24:50,204 - GlobalLogger - INFO - Loaded matching model D:\Experiments\Steffen\Rigid_Plastic\DON-004366\20210228\models\cebra_behavior_distance_moving_iter-20000_dim-3_model-S1.pt
2024-03-22 16:24:50,240 - GlobalLogger - INFO - DON-004366_20210228_S1: behavior_distance_moving model already trained. Skipping.
2024-03-22 16:24:50,244 - GlobalLogger - WARNING - No data to transform given. Using default labels.
2024-03-22 16:24:51,359 - GlobalLogger - ERROR - No embedding labels given.
2024-03-22 16:24:51,360 - GlobalLogger - WARNING - Using behavior_data_types: ['position', 'stimulus', 'distance']
2024-03-24 19:47:24,132 - GlobalLogger - INFO - Loaded matching model D:\Experiments\Steffen\Rigid_Plastic\DON-004366\20210228\models\cebra_time_iter-20000_dim-3_model-S1.pt
2024-03-24 19:47:24,143 - GlobalLogger - INFO - Loaded matching model D:\Experiments\Steffen\Rigid_Plastic\DON-004366\20210228\models\cebra_behavior_iter-20000_dim-3_model-S1.pt
2024-03-24 19:47:24,152 - GlobalLogger - INFO - Loaded matching model D:\Experiments\Steffen\Rigid_Plastic\DON-004366\20210228\models\cebra_hybrid_iter-20000_dim-3_model-S1.pt
2024-03-24 19:47:24,164 - GlobalLogger - INFO - Loaded matching model D:\Experiments\Steffen\Rigid_Plastic\DON-004366\20210228\models\cebra_time_iter-20000_dim-3_model-S2.pt
2024-03-24 19:47:24,175 - GlobalLogger - INFO - Loaded matching model D:\Experiments\Steffen\Rigid_Plastic\DON-004366\20210228\models\cebra_behavior_iter-20000_dim-3_model-S2.pt
2024-03-24 19:47:24,184 - GlobalLogger - INFO - Loaded matching model D:\Experiments\Steffen\Rigid_Plastic\DON-004366\20210228\models\cebra_hybrid_iter-20000_dim-3_model-S2.pt
2024-03-24 19:47:24,197 - GlobalLogger - INFO - Loaded matching model D:\Experiments\Steffen\Rigid_Plastic\DON-004366\20210228\models\cebra_time_iter-20000_dim-3_model-S3.pt
2024-03-24 19:47:24,208 - GlobalLogger - INFO - Loaded matching model D:\Experiments\Steffen\Rigid_Plastic\DON-004366\20210228\models\cebra_behavior_iter-20000_dim-3_model-S3.pt
2024-03-24 19:47:24,216 - GlobalLogger - INFO - Loaded matching model D:\Experiments\Steffen\Rigid_Plastic\DON-004366\20210228\models\cebra_hybrid_iter-20000_dim-3_model-S3.pt
2024-03-24 19:47:24,217 - GlobalLogger - INFO - Loading D:\Experiments\Steffen\Rigid_Plastic\DON-004366\20210228\DON-004366_20210228_S1_ca_data.npy
2024-03-24 19:47:24,255 - GlobalLogger - WARNING - Data is probably transposed. Needed Shape [Time, cells] Transposing...
2024-03-24 19:47:26,974 - GlobalLogger - INFO - Loading D:\Experiments\Steffen\Rigid_Plastic\DON-004366\20210228\DON-004366_20210228_S1_pos_track.npy
2024-03-24 19:47:27,403 - GlobalLogger - INFO - Loading D:\Experiments\Steffen\Rigid_Plastic\DON-004366\20210228\DON-004366_20210228_S1_distance_track.npy
2024-03-24 19:47:27,745 - GlobalLogger - INFO - Loading D:\Experiments\Steffen\Rigid_Plastic\DON-004366\20210228\DON-004366_20210228_S1_velocity_track.npy
2024-03-24 19:47:28,153 - GlobalLogger - INFO - Loading D:\Experiments\Steffen\Rigid_Plastic\DON-004366\20210228\DON-004366_20210228_S1_moving_track.npy
2024-03-24 19:47:28,478 - GlobalLogger - INFO - Loading D:\Experiments\Steffen\Rigid_Plastic\DON-004366\20210228\DON-004366_20210228_S1_acceleration_track.npy
2024-03-24 19:47:28,945 - GlobalLogger - INFO - Loading D:\Experiments\Steffen\Rigid_Plastic\DON-004366\20210228\DON-004366_20210228_S1_stimulus_track.npy
2024-03-24 19:47:29,298 - GlobalLogger - INFO - Loading D:\Experiments\Steffen\Rigid_Plastic\DON-004366\20210228\DON-004366_20210228_S2_ca_data.npy
2024-03-24 19:47:29,320 - GlobalLogger - WARNING - Data is probably transposed. Needed Shape [Time, cells] Transposing...
2024-03-24 19:47:31,459 - GlobalLogger - INFO - Loading D:\Experiments\Steffen\Rigid_Plastic\DON-004366\20210228\DON-004366_20210228_S2_pos_track.npy
2024-03-24 19:47:31,813 - GlobalLogger - INFO - Loading D:\Experiments\Steffen\Rigid_Plastic\DON-004366\20210228\DON-004366_20210228_S2_distance_track.npy
2024-03-24 19:47:32,152 - GlobalLogger - INFO - Loading D:\Experiments\Steffen\Rigid_Plastic\DON-004366\20210228\DON-004366_20210228_S2_velocity_track.npy
2024-03-24 19:47:32,586 - GlobalLogger - INFO - Loading D:\Experiments\Steffen\Rigid_Plastic\DON-004366\20210228\DON-004366_20210228_S2_moving_track.npy
2024-03-24 19:47:32,902 - GlobalLogger - INFO - Loading D:\Experiments\Steffen\Rigid_Plastic\DON-004366\20210228\DON-004366_20210228_S2_acceleration_track.npy
2024-03-24 19:47:33,284 - GlobalLogger - INFO - Loading D:\Experiments\Steffen\Rigid_Plastic\DON-004366\20210228\DON-004366_20210228_S2_stimulus_track.npy
2024-03-24 19:47:33,605 - GlobalLogger - INFO - Loading D:\Experiments\Steffen\Rigid_Plastic\DON-004366\20210228\DON-004366_20210228_S3_ca_data.npy
2024-03-24 19:47:33,644 - GlobalLogger - WARNING - Data is probably transposed. Needed Shape [Time, cells] Transposing...
2024-03-24 19:47:36,334 - GlobalLogger - INFO - Loading D:\Experiments\Steffen\Rigid_Plastic\DON-004366\20210228\DON-004366_20210228_S3_pos_track.npy
2024-03-24 19:47:36,692 - GlobalLogger - INFO - Loading D:\Experiments\Steffen\Rigid_Plastic\DON-004366\20210228\DON-004366_20210228_S3_distance_track.npy
2024-03-24 19:47:37,106 - GlobalLogger - INFO - Loading D:\Experiments\Steffen\Rigid_Plastic\DON-004366\20210228\DON-004366_20210228_S3_velocity_track.npy
2024-03-24 19:47:37,503 - GlobalLogger - INFO - Loading D:\Experiments\Steffen\Rigid_Plastic\DON-004366\20210228\DON-004366_20210228_S3_moving_track.npy
2024-03-24 19:47:37,827 - GlobalLogger - INFO - Loading D:\Experiments\Steffen\Rigid_Plastic\DON-004366\20210228\DON-004366_20210228_S3_acceleration_track.npy
2024-03-24 19:47:38,232 - GlobalLogger - INFO - Loading D:\Experiments\Steffen\Rigid_Plastic\DON-004366\20210228\DON-004366_20210228_S3_stimulus_track.npy
2024-03-24 19:48:36,858 - GlobalLogger - INFO - Loaded matching model D:\Experiments\Steffen\Rigid_Plastic\DON-004366\20210228\models\cebra_behavior_position_moving_iter-20000_dim-3_model-S1.pt
2024-03-24 19:48:36,907 - GlobalLogger - INFO - DON-004366_20210228_S1: behavior_position_moving model already trained. Skipping.
2024-03-24 19:48:36,930 - GlobalLogger - INFO - Loaded matching model D:\Experiments\Steffen\Rigid_Plastic\DON-004366\20210228\models\cebra_behavior_stimulus_moving_iter-20000_dim-3_model-S1.pt
2024-03-24 19:48:36,973 - GlobalLogger - INFO - DON-004366_20210228_S1: behavior_stimulus_moving model already trained. Skipping.
2024-03-24 19:48:36,992 - GlobalLogger - INFO - Loaded matching model D:\Experiments\Steffen\Rigid_Plastic\DON-004366\20210228\models\cebra_behavior_distance_moving_iter-20000_dim-3_model-S1.pt
2024-03-24 19:48:37,032 - GlobalLogger - INFO - DON-004366_20210228_S1: behavior_distance_moving model already trained. Skipping.
2024-03-24 19:48:37,036 - GlobalLogger - WARNING - No data to transform given. Using default labels.
2024-03-24 19:48:38,173 - GlobalLogger - ERROR - No embedding labels given.
2024-03-24 19:48:38,174 - GlobalLogger - WARNING - Using behavior_data_types: ['position', 'stimulus', 'distance']
2024-03-25 10:26:16,162 - GlobalLogger - INFO - DON-004366_20210228_S1: behavior_position_moving model already trained. Skipping.
2024-03-25 10:26:16,199 - GlobalLogger - INFO - DON-004366_20210228_S1: behavior_stimulus_moving model already trained. Skipping.
2024-03-25 10:26:16,240 - GlobalLogger - INFO - DON-004366_20210228_S1: behavior_distance_moving model already trained. Skipping.
2024-03-25 10:26:16,245 - GlobalLogger - WARNING - No data to transform given. Using default labels.
2024-03-25 10:26:16,603 - GlobalLogger - ERROR - No embedding labels given.
2024-03-25 10:26:16,603 - GlobalLogger - WARNING - Using behavior_data_types: ['position', 'stimulus', 'distance']
2024-03-25 11:25:54,131 - GlobalLogger - INFO - DON-004366_20210228_S1: Training  behavior_distance_moving_0.8 model.
2024-03-25 11:31:08,202 - GlobalLogger - INFO - Loaded matching model D:\Experiments\Steffen\Rigid_Plastic\DON-004366\20210228\models\cebra_behavior_stimulus_moving_0.8_iter-20000_dim-3_model-S1.pt
2024-03-25 11:31:08,244 - GlobalLogger - INFO - DON-004366_20210228_S1: behavior_stimulus_moving_0.8 model already trained. Skipping.
2024-03-25 13:17:32,259 - GlobalLogger - INFO - DON-004366_20210228_S1: behavior_stimulus_moving_0.8 model already trained. Skipping.
2024-03-25 13:30:55,076 - GlobalLogger - INFO - Loaded matching model D:\Experiments\Steffen\Rigid_Plastic\DON-004366\20210228\models\cebra_behavior_position_moving_0.8_iter-20000_dim-3_model-S1.pt
2024-03-25 13:30:55,127 - GlobalLogger - INFO - DON-004366_20210228_S1: behavior_position_moving_0.8 model already trained. Skipping.
2024-03-25 13:32:06,589 - GlobalLogger - INFO - DON-004366_20210228_S1: behavior_position_moving_0.8 model already trained. Skipping.
2024-03-25 13:33:18,449 - GlobalLogger - INFO - DON-004366_20210228_S1: behavior_position_moving_0.8 model already trained. Skipping.
2024-03-25 13:34:30,296 - GlobalLogger - INFO - DON-004366_20210228_S1: behavior_position_moving_0.8 model already trained. Skipping.
2024-03-25 13:35:42,851 - GlobalLogger - INFO - DON-004366_20210228_S1: behavior_position_moving_0.8 model already trained. Skipping.
2024-03-25 13:36:56,941 - GlobalLogger - INFO - DON-004366_20210228_S1: behavior_position_moving_0.8 model already trained. Skipping.
2024-03-25 13:38:11,640 - GlobalLogger - INFO - DON-004366_20210228_S1: behavior_position_moving_0.8 model already trained. Skipping.
2024-03-25 13:39:26,525 - GlobalLogger - INFO - DON-004366_20210228_S1: behavior_position_moving_0.8 model already trained. Skipping.
2024-03-25 13:46:25,888 - GlobalLogger - INFO - DON-004366_20210228_S1: behavior_position_moving_0.8 model already trained. Skipping.
2024-03-27 09:33:41,950 - GlobalLogger - INFO - Loaded matching model D:\Experiments\Steffen\Rigid_Plastic\DON-004366\20210228\models\cebra_time_iter-20000_dim-3_model-S1.pt
2024-03-27 09:33:41,973 - GlobalLogger - INFO - Loaded matching model D:\Experiments\Steffen\Rigid_Plastic\DON-004366\20210228\models\cebra_behavior_iter-20000_dim-3_model-S1.pt
2024-03-27 09:33:41,991 - GlobalLogger - INFO - Loaded matching model D:\Experiments\Steffen\Rigid_Plastic\DON-004366\20210228\models\cebra_hybrid_iter-20000_dim-3_model-S1.pt
2024-03-27 09:33:42,012 - GlobalLogger - INFO - Loaded matching model D:\Experiments\Steffen\Rigid_Plastic\DON-004366\20210228\models\cebra_time_iter-20000_dim-3_model-S2.pt
2024-03-27 09:33:42,036 - GlobalLogger - INFO - Loaded matching model D:\Experiments\Steffen\Rigid_Plastic\DON-004366\20210228\models\cebra_behavior_iter-20000_dim-3_model-S2.pt
2024-03-27 09:33:42,054 - GlobalLogger - INFO - Loaded matching model D:\Experiments\Steffen\Rigid_Plastic\DON-004366\20210228\models\cebra_hybrid_iter-20000_dim-3_model-S2.pt
2024-03-27 09:33:42,074 - GlobalLogger - INFO - Loaded matching model D:\Experiments\Steffen\Rigid_Plastic\DON-004366\20210228\models\cebra_time_iter-20000_dim-3_model-S3.pt
2024-03-27 09:33:42,096 - GlobalLogger - INFO - Loaded matching model D:\Experiments\Steffen\Rigid_Plastic\DON-004366\20210228\models\cebra_behavior_iter-20000_dim-3_model-S3.pt
2024-03-27 09:33:42,114 - GlobalLogger - INFO - Loaded matching model D:\Experiments\Steffen\Rigid_Plastic\DON-004366\20210228\models\cebra_hybrid_iter-20000_dim-3_model-S3.pt
2024-03-27 09:33:42,115 - GlobalLogger - INFO - Loading D:\Experiments\Steffen\Rigid_Plastic\DON-004366\20210228\DON-004366_20210228_S1_ca_data.npy
2024-03-27 09:33:42,547 - GlobalLogger - WARNING - Data is probably transposed. Needed Shape [Time, cells] Transposing...
2024-03-27 09:33:45,321 - GlobalLogger - INFO - Loading D:\Experiments\Steffen\Rigid_Plastic\DON-004366\20210228\DON-004366_20210228_S1_pos_track.npy
2024-03-27 09:33:45,712 - GlobalLogger - INFO - Loading D:\Experiments\Steffen\Rigid_Plastic\DON-004366\20210228\DON-004366_20210228_S1_distance_track.npy
2024-03-27 09:33:46,045 - GlobalLogger - INFO - Loading D:\Experiments\Steffen\Rigid_Plastic\DON-004366\20210228\DON-004366_20210228_S1_velocity_track.npy
2024-03-27 09:33:46,433 - GlobalLogger - INFO - Loading D:\Experiments\Steffen\Rigid_Plastic\DON-004366\20210228\DON-004366_20210228_S1_moving_track.npy
2024-03-27 09:33:46,785 - GlobalLogger - INFO - Loading D:\Experiments\Steffen\Rigid_Plastic\DON-004366\20210228\DON-004366_20210228_S1_acceleration_track.npy
2024-03-27 09:33:47,182 - GlobalLogger - INFO - Loading D:\Experiments\Steffen\Rigid_Plastic\DON-004366\20210228\DON-004366_20210228_S1_stimulus_track.npy
2024-03-27 09:33:47,518 - GlobalLogger - INFO - Loading D:\Experiments\Steffen\Rigid_Plastic\DON-004366\20210228\DON-004366_20210228_S2_ca_data.npy
2024-03-27 09:33:47,734 - GlobalLogger - WARNING - Data is probably transposed. Needed Shape [Time, cells] Transposing...
2024-03-27 09:33:49,888 - GlobalLogger - INFO - Loading D:\Experiments\Steffen\Rigid_Plastic\DON-004366\20210228\DON-004366_20210228_S2_pos_track.npy
2024-03-27 09:33:50,275 - GlobalLogger - INFO - Loading D:\Experiments\Steffen\Rigid_Plastic\DON-004366\20210228\DON-004366_20210228_S2_distance_track.npy
2024-03-27 09:33:50,694 - GlobalLogger - INFO - Loading D:\Experiments\Steffen\Rigid_Plastic\DON-004366\20210228\DON-004366_20210228_S2_velocity_track.npy
2024-03-27 09:33:51,111 - GlobalLogger - INFO - Loading D:\Experiments\Steffen\Rigid_Plastic\DON-004366\20210228\DON-004366_20210228_S2_moving_track.npy
2024-03-27 09:33:51,417 - GlobalLogger - INFO - Loading D:\Experiments\Steffen\Rigid_Plastic\DON-004366\20210228\DON-004366_20210228_S2_acceleration_track.npy
2024-03-27 09:33:51,788 - GlobalLogger - INFO - Loading D:\Experiments\Steffen\Rigid_Plastic\DON-004366\20210228\DON-004366_20210228_S2_stimulus_track.npy
2024-03-27 09:33:52,097 - GlobalLogger - INFO - Loading D:\Experiments\Steffen\Rigid_Plastic\DON-004366\20210228\DON-004366_20210228_S3_ca_data.npy
2024-03-27 09:33:52,522 - GlobalLogger - WARNING - Data is probably transposed. Needed Shape [Time, cells] Transposing...
2024-03-27 09:33:55,250 - GlobalLogger - INFO - Loading D:\Experiments\Steffen\Rigid_Plastic\DON-004366\20210228\DON-004366_20210228_S3_pos_track.npy
2024-03-27 09:33:55,721 - GlobalLogger - INFO - Loading D:\Experiments\Steffen\Rigid_Plastic\DON-004366\20210228\DON-004366_20210228_S3_distance_track.npy
2024-03-27 09:33:56,053 - GlobalLogger - INFO - Loading D:\Experiments\Steffen\Rigid_Plastic\DON-004366\20210228\DON-004366_20210228_S3_velocity_track.npy
2024-03-27 09:33:56,439 - GlobalLogger - INFO - Loading D:\Experiments\Steffen\Rigid_Plastic\DON-004366\20210228\DON-004366_20210228_S3_moving_track.npy
2024-03-27 09:33:56,749 - GlobalLogger - INFO - Loading D:\Experiments\Steffen\Rigid_Plastic\DON-004366\20210228\DON-004366_20210228_S3_acceleration_track.npy
2024-03-27 09:33:57,140 - GlobalLogger - INFO - Loading D:\Experiments\Steffen\Rigid_Plastic\DON-004366\20210228\DON-004366_20210228_S3_stimulus_track.npy
2024-03-27 13:29:27,952 - GlobalLogger - INFO - Loaded matching model D:\Experiments\Steffen\Rigid_Plastic\DON-004366\20210301\models\cebra_time_iter-20000_dim-3_model-S1.pt
2024-03-27 13:29:27,974 - GlobalLogger - INFO - Loaded matching model D:\Experiments\Steffen\Rigid_Plastic\DON-004366\20210301\models\cebra_behavior_iter-20000_dim-3_model-S1.pt
2024-03-27 13:29:27,990 - GlobalLogger - INFO - Loaded matching model D:\Experiments\Steffen\Rigid_Plastic\DON-004366\20210301\models\cebra_hybrid_iter-20000_dim-3_model-S1.pt
2024-03-27 13:29:28,016 - GlobalLogger - INFO - Loaded matching model D:\Experiments\Steffen\Rigid_Plastic\DON-004366\20210301\models\cebra_time_iter-20000_dim-3_model-S2.pt
2024-03-27 13:29:28,036 - GlobalLogger - INFO - Loaded matching model D:\Experiments\Steffen\Rigid_Plastic\DON-004366\20210301\models\cebra_behavior_iter-20000_dim-3_model-S2.pt
2024-03-27 13:29:28,054 - GlobalLogger - INFO - Loaded matching model D:\Experiments\Steffen\Rigid_Plastic\DON-004366\20210301\models\cebra_hybrid_iter-20000_dim-3_model-S2.pt
2024-03-27 13:29:28,078 - GlobalLogger - INFO - Loaded matching model D:\Experiments\Steffen\Rigid_Plastic\DON-004366\20210301\models\cebra_time_iter-20000_dim-3_model-S3.pt
2024-03-27 13:29:28,102 - GlobalLogger - INFO - Loaded matching model D:\Experiments\Steffen\Rigid_Plastic\DON-004366\20210301\models\cebra_behavior_iter-20000_dim-3_model-S3.pt
2024-03-27 13:29:28,118 - GlobalLogger - INFO - Loaded matching model D:\Experiments\Steffen\Rigid_Plastic\DON-004366\20210301\models\cebra_hybrid_iter-20000_dim-3_model-S3.pt
2024-03-27 13:29:28,119 - GlobalLogger - WARNING - No neural data found at D:\Experiments\Steffen\Rigid_Plastic\DON-004366\20210301\DON-004366_20210301_S1_ca_data.npy.
2024-03-27 13:29:28,119 - GlobalLogger - WARNING - No raw data given. Creation not possible. Skipping.
2024-03-27 13:29:54,627 - GlobalLogger - INFO - Loaded matching model D:\Experiments\Steffen\Rigid_Plastic\DON-004366\20210301\models\cebra_time_iter-20000_dim-3_model-S1.pt
2024-03-27 13:29:54,638 - GlobalLogger - INFO - Loaded matching model D:\Experiments\Steffen\Rigid_Plastic\DON-004366\20210301\models\cebra_behavior_iter-20000_dim-3_model-S1.pt
2024-03-27 13:29:54,645 - GlobalLogger - INFO - Loaded matching model D:\Experiments\Steffen\Rigid_Plastic\DON-004366\20210301\models\cebra_hybrid_iter-20000_dim-3_model-S1.pt
2024-03-27 13:29:54,654 - GlobalLogger - INFO - Loaded matching model D:\Experiments\Steffen\Rigid_Plastic\DON-004366\20210301\models\cebra_time_iter-20000_dim-3_model-S2.pt
2024-03-27 13:29:54,664 - GlobalLogger - INFO - Loaded matching model D:\Experiments\Steffen\Rigid_Plastic\DON-004366\20210301\models\cebra_behavior_iter-20000_dim-3_model-S2.pt
2024-03-27 13:29:54,669 - GlobalLogger - INFO - Loaded matching model D:\Experiments\Steffen\Rigid_Plastic\DON-004366\20210301\models\cebra_hybrid_iter-20000_dim-3_model-S2.pt
2024-03-27 13:29:54,679 - GlobalLogger - INFO - Loaded matching model D:\Experiments\Steffen\Rigid_Plastic\DON-004366\20210301\models\cebra_time_iter-20000_dim-3_model-S3.pt
2024-03-27 13:29:54,687 - GlobalLogger - INFO - Loaded matching model D:\Experiments\Steffen\Rigid_Plastic\DON-004366\20210301\models\cebra_behavior_iter-20000_dim-3_model-S3.pt
2024-03-27 13:29:54,696 - GlobalLogger - INFO - Loaded matching model D:\Experiments\Steffen\Rigid_Plastic\DON-004366\20210301\models\cebra_hybrid_iter-20000_dim-3_model-S3.pt
2024-03-27 16:48:39,332 - GlobalLogger - INFO - Loading D:\Experiments\Steffen\Rigid_Plastic\DON-004366\20210301\DON-004366_20210301_S1_ca_data.npy
2024-03-27 17:16:07,934 - GlobalLogger - INFO - Loaded matching model D:\Experiments\Steffen\Rigid_Plastic\DON-004366\20210301\models\cebra_time_iter-20000_dim-3_model-S1.pt
2024-03-27 17:16:07,942 - GlobalLogger - INFO - Loaded matching model D:\Experiments\Steffen\Rigid_Plastic\DON-004366\20210301\models\cebra_behavior_iter-20000_dim-3_model-S1.pt
2024-03-27 17:16:07,946 - GlobalLogger - INFO - Loaded matching model D:\Experiments\Steffen\Rigid_Plastic\DON-004366\20210301\models\cebra_hybrid_iter-20000_dim-3_model-S1.pt
2024-03-27 17:16:07,954 - GlobalLogger - INFO - Loaded matching model D:\Experiments\Steffen\Rigid_Plastic\DON-004366\20210301\models\cebra_time_iter-20000_dim-3_model-S2.pt
2024-03-27 17:16:07,961 - GlobalLogger - INFO - Loaded matching model D:\Experiments\Steffen\Rigid_Plastic\DON-004366\20210301\models\cebra_behavior_iter-20000_dim-3_model-S2.pt
2024-03-27 17:16:07,967 - GlobalLogger - INFO - Loaded matching model D:\Experiments\Steffen\Rigid_Plastic\DON-004366\20210301\models\cebra_hybrid_iter-20000_dim-3_model-S2.pt
2024-03-27 17:16:07,975 - GlobalLogger - INFO - Loaded matching model D:\Experiments\Steffen\Rigid_Plastic\DON-004366\20210301\models\cebra_time_iter-20000_dim-3_model-S3.pt
2024-03-27 17:16:07,986 - GlobalLogger - INFO - Loaded matching model D:\Experiments\Steffen\Rigid_Plastic\DON-004366\20210301\models\cebra_behavior_iter-20000_dim-3_model-S3.pt
2024-03-27 17:16:07,990 - GlobalLogger - INFO - Loaded matching model D:\Experiments\Steffen\Rigid_Plastic\DON-004366\20210301\models\cebra_hybrid_iter-20000_dim-3_model-S3.pt
2024-03-28 08:55:35,604 - GlobalLogger - INFO - Loaded matching model D:\Experiments\Steffen\Rigid_Plastic\DON-004366\20210301\models\cebra_time_iter-20000_dim-3_model-S1.pt
2024-03-28 08:55:35,616 - GlobalLogger - INFO - Loaded matching model D:\Experiments\Steffen\Rigid_Plastic\DON-004366\20210301\models\cebra_behavior_iter-20000_dim-3_model-S1.pt
2024-03-28 08:55:35,626 - GlobalLogger - INFO - Loaded matching model D:\Experiments\Steffen\Rigid_Plastic\DON-004366\20210301\models\cebra_hybrid_iter-20000_dim-3_model-S1.pt
2024-03-28 08:55:35,639 - GlobalLogger - INFO - Loaded matching model D:\Experiments\Steffen\Rigid_Plastic\DON-004366\20210301\models\cebra_time_iter-20000_dim-3_model-S2.pt
2024-03-28 08:55:35,649 - GlobalLogger - INFO - Loaded matching model D:\Experiments\Steffen\Rigid_Plastic\DON-004366\20210301\models\cebra_behavior_iter-20000_dim-3_model-S2.pt
2024-03-28 08:55:35,658 - GlobalLogger - INFO - Loaded matching model D:\Experiments\Steffen\Rigid_Plastic\DON-004366\20210301\models\cebra_hybrid_iter-20000_dim-3_model-S2.pt
2024-03-28 08:55:35,670 - GlobalLogger - INFO - Loaded matching model D:\Experiments\Steffen\Rigid_Plastic\DON-004366\20210301\models\cebra_time_iter-20000_dim-3_model-S3.pt
2024-03-28 08:55:35,681 - GlobalLogger - INFO - Loaded matching model D:\Experiments\Steffen\Rigid_Plastic\DON-004366\20210301\models\cebra_behavior_iter-20000_dim-3_model-S3.pt
2024-03-28 08:55:35,694 - GlobalLogger - INFO - Loaded matching model D:\Experiments\Steffen\Rigid_Plastic\DON-004366\20210301\models\cebra_hybrid_iter-20000_dim-3_model-S3.pt
2024-03-28 17:26:52,303 - GlobalLogger - INFO - Loaded matching model D:\Experiments\Steffen\Rigid_Plastic\DON-004366\20210301\models\cebra_time_iter-20000_dim-3_model-S1.pt
2024-03-28 17:26:52,316 - GlobalLogger - INFO - Loaded matching model D:\Experiments\Steffen\Rigid_Plastic\DON-004366\20210301\models\cebra_behavior_iter-20000_dim-3_model-S1.pt
2024-03-28 17:26:52,324 - GlobalLogger - INFO - Loaded matching model D:\Experiments\Steffen\Rigid_Plastic\DON-004366\20210301\models\cebra_hybrid_iter-20000_dim-3_model-S1.pt
2024-03-28 17:26:52,337 - GlobalLogger - INFO - Loaded matching model D:\Experiments\Steffen\Rigid_Plastic\DON-004366\20210301\models\cebra_time_iter-20000_dim-3_model-S2.pt
2024-03-28 17:26:52,347 - GlobalLogger - INFO - Loaded matching model D:\Experiments\Steffen\Rigid_Plastic\DON-004366\20210301\models\cebra_behavior_iter-20000_dim-3_model-S2.pt
2024-03-28 17:26:52,356 - GlobalLogger - INFO - Loaded matching model D:\Experiments\Steffen\Rigid_Plastic\DON-004366\20210301\models\cebra_hybrid_iter-20000_dim-3_model-S2.pt
2024-03-28 17:26:52,368 - GlobalLogger - INFO - Loaded matching model D:\Experiments\Steffen\Rigid_Plastic\DON-004366\20210301\models\cebra_time_iter-20000_dim-3_model-S3.pt
2024-03-28 17:26:52,379 - GlobalLogger - INFO - Loaded matching model D:\Experiments\Steffen\Rigid_Plastic\DON-004366\20210301\models\cebra_behavior_iter-20000_dim-3_model-S3.pt
2024-03-28 17:26:52,387 - GlobalLogger - INFO - Loaded matching model D:\Experiments\Steffen\Rigid_Plastic\DON-004366\20210301\models\cebra_hybrid_iter-20000_dim-3_model-S3.pt
